[+] Containers:
 |- [+] Container: /Game/ThirdPerson/Maps/ThirdPersonMap
 |   |- [+] ActorDescs:
 |   |   |- Guid:0E4F262241AE3A25EAD5EA908F3E8A3E BaseClass: NativeClass:/Script/Engine.StaticMeshActor Name:StaticMeshActor_UAID_18C04D99E33B38F601_1135936815 Label:SM_LampPost02_5 SpatiallyLoaded:1 Bounds:IsValid=true, Min=(X=-11171.466 Y=9482.811 Z=101.864), Max=(X=-10855.021 Y=9526.692 Z=634.467) RuntimeGrid:None EditorOnly:0 RuntimeOnly:0 HLODRelevant:1 ListedInSceneOutliner:1 IsMainWorldOnly:0 FolderPath:Lamps FolderGuid:13A77419454818D66A0FE4A194FC67F4
 |   |   |- Guid:15883C0040E932D6B583909B12D14DB7 BaseClass: NativeClass:/Script/Engine.StaticMeshActor Name:StaticMeshActor_UAID_18C04D99E33B38F601_1131636813 Label:SM_LampPost02_3 SpatiallyLoaded:1 Bounds:IsValid=true, Min=(X=4326.356 Y=-8237.262 Z=100.273), Max=(X=4642.802 Y=-8193.381 Z=632.876) RuntimeGrid:None EditorOnly:0 RuntimeOnly:0 HLODRelevant:1 ListedInSceneOutliner:1 IsMainWorldOnly:0 FolderPath:Lamps FolderGuid:13A77419454818D66A0FE4A194FC67F4
 |   |   |- Guid:191B8E2E4F9473F9A7B6998D565149F3 BaseClass: NativeClass:/Script/Landscape.LandscapeStreamingProxy Name:LandscapeStreamingProxy_1L41ZJYDE6JOS84BU7QD52YUE_62_0_0_0 Label:LandscapeStreamingProxy_0_0_0 SpatiallyLoaded:1 Bounds:IsValid=true, Min=(X=-12400.000 Y=-12400.000 Z=100.000), Max=(X=-6200.000 Y=-6200.000 Z=100.000) RuntimeGrid:None EditorOnly:0 RuntimeOnly:0 HLODRelevant:1 ListedInSceneOutliner:1 IsMainWorldOnly:0
 |   |   |- Guid:1B9640594E35D450EBA2169262CD8B0D BaseClass: NativeClass:/Script/Engine.SpotLight Name:SpotLight_UAID_18C04D99E33B3AF601_1266220173 Label:SpotLight5 SpatiallyLoaded:1 Bounds:IsValid=true, Min=(X=3614.918 Y=6026.586 Z=-818.783), Max=(X=5005.082 Y=7416.749 Z=571.380) RuntimeGrid:None EditorOnly:0 RuntimeOnly:0 HLODRelevant:0 ListedInSceneOutliner:1 IsMainWorldOnly:0
 |   |   |- Guid:2FB58999456391D349DC0F86DAC136ED BaseClass: NativeClass:/Script/Engine.SkyLight Name:SkyLight_1 Label:SkyLight SpatiallyLoaded:0 Bounds:IsValid=true, Min=(X=0.000 Y=0.000 Z=690.000), Max=(X=0.000 Y=0.000 Z=690.000) RuntimeGrid:None EditorOnly:0 RuntimeOnly:0 HLODRelevant:0 ListedInSceneOutliner:1 IsMainWorldOnly:0 FolderPath:Lighting FolderGuid:963EC3EB4002CCE9759E2EBA541A873A
 |   |   |- Guid:316CF2A6494ACA4C0E4180A87D36AB8F BaseClass: NativeClass:/Script/Engine.ExponentialHeightFog Name:ExponentialHeightFog_0 Label:ExponentialHeightFog SpatiallyLoaded:0 Bounds:IsValid=true, Min=(X=-5600.000 Y=-50.000 Z=-6850.000), Max=(X=-5600.000 Y=-50.000 Z=-6850.000) RuntimeGrid:None EditorOnly:0 RuntimeOnly:0 HLODRelevant:0 ListedInSceneOutliner:1 IsMainWorldOnly:0 FolderPath:Lighting FolderGuid:963EC3EB4002CCE9759E2EBA541A873A
 |   |   |- Guid:3A00AA1C422CE54C0BDB60BAF471BFBB BaseClass: NativeClass:/Script/Engine.PlayerStart Name:PlayerStart_0 Label:PlayerStart SpatiallyLoaded:0 Bounds:IsValid=true, Min=(X=-12060.000 Y=-2150.000 Z=110.013), Max=(X=-11980.000 Y=-2070.000 Z=294.013) RuntimeGrid:None EditorOnly:0 RuntimeOnly:0 HLODRelevant:0 ListedInSceneOutliner:1 IsMainWorldOnly:0
 |   |   |- Guid:3C3559154C5FD61071D4D2B3407B012C BaseClass: NativeClass:/Script/Landscape.LandscapeStreamingProxy Name:LandscapeStreamingProxy_1L41ZJYDE6JOS84BU7QD52YUE_62_0_3_0 Label:LandscapeStreamingProxy_0_3_0 SpatiallyLoaded:1 Bounds:IsValid=true, Min=(X=-12400.000 Y=6200.000 Z=100.000), Max=(X=-6200.000 Y=12400.000 Z=100.000) RuntimeGrid:None EditorOnly:0 RuntimeOnly:0 HLODRelevant:1 ListedInSceneOutliner:1 IsMainWorldOnly:0
 |   |   |- Guid:458825DD4B551837C302D1959677A615 BaseClass: NativeClass:/Script/Landscape.LandscapeStreamingProxy Name:LandscapeStreamingProxy_1L41ZJYDE6JOS84BU7QD52YUE_62_3_2_0 Label:LandscapeStreamingProxy_3_2_0 SpatiallyLoaded:1 Bounds:IsValid=true, Min=(X=6200.000 Y=0.000 Z=100.000), Max=(X=12400.000 Y=6200.000 Z=100.000) RuntimeGrid:None EditorOnly:0 RuntimeOnly:0 HLODRelevant:1 ListedInSceneOutliner:1 IsMainWorldOnly:0
 |   |   |- Guid:482C82CA427F04611C7688B4D40A1B38 BaseClass: NativeClass:/Script/Landscape.LandscapeStreamingProxy Name:LandscapeStreamingProxy_1L41ZJYDE6JOS84BU7QD52YUE_62_1_0_0 Label:LandscapeStreamingProxy_1_0_0 SpatiallyLoaded:1 Bounds:IsValid=true, Min=(X=-6200.000 Y=-12400.000 Z=100.000), Max=(X=0.000 Y=-6200.000 Z=100.000) RuntimeGrid:None EditorOnly:0 RuntimeOnly:0 HLODRelevant:1 ListedInSceneOutliner:1 IsMainWorldOnly:0
 |   |   |- Guid:5A2D19BB45362ECB0E1577A64C695C65 BaseClass: NativeClass:/Script/Engine.SpotLight Name:SpotLight_UAID_18C04D99E33B3AF601_1296385174 Label:SpotLight6 SpatiallyLoaded:1 Bounds:IsValid=true, Min=(X=-11837.924 Y=8804.918 Z=-820.083), Max=(X=-10447.760 Y=10195.082 Z=570.081) RuntimeGrid:None EditorOnly:0 RuntimeOnly:0 HLODRelevant:0 ListedInSceneOutliner:1 IsMainWorldOnly:0
 |   |   |- Guid:5E257D6E44C0BADE3AA2A0A0543A5A49 BaseClass: NativeClass:/Script/Landscape.LandscapeStreamingProxy Name:LandscapeStreamingProxy_1L41ZJYDE6JOS84BU7QD52YUE_62_1_1_0 Label:LandscapeStreamingProxy_1_1_0 SpatiallyLoaded:1 Bounds:IsValid=true, Min=(X=-6200.000 Y=-6200.000 Z=100.000), Max=(X=0.000 Y=0.000 Z=100.000) RuntimeGrid:None EditorOnly:0 RuntimeOnly:0 HLODRelevant:1 ListedInSceneOutliner:1 IsMainWorldOnly:0
 |   |   |- Guid:6BAF4DDD444C60371492D3919DB42C97 BaseClass: NativeClass:/Script/Engine.WorldDataLayers Name:WorldDataLayers Label:WorldDataLayers SpatiallyLoaded:0 Bounds:IsValid=true, Min=(X=0.000 Y=0.000 Z=0.000), Max=(X=0.000 Y=0.000 Z=0.000) RuntimeGrid:None EditorOnly:0 RuntimeOnly:0 HLODRelevant:0 ListedInSceneOutliner:1 IsMainWorldOnly:1
 |   |   |- Guid:776708594A1076828AE0088E92B1AC9D BaseClass: NativeClass:/Script/Landscape.LandscapeStreamingProxy Name:LandscapeStreamingProxy_1L41ZJYDE6JOS84BU7QD52YUE_62_0_2_0 Label:LandscapeStreamingProxy_0_2_0 SpatiallyLoaded:1 Bounds:IsValid=true, Min=(X=-12400.000 Y=0.000 Z=100.000), Max=(X=-6200.000 Y=6200.000 Z=100.000) RuntimeGrid:None EditorOnly:0 RuntimeOnly:0 HLODRelevant:1 ListedInSceneOutliner:1 IsMainWorldOnly:0
 |   |   |- Guid:7B5328AE45D2E2C48588BFAE566C0FA9 BaseClass: NativeClass:/Script/Engine.StaticMeshActor Name:StaticMeshActor_UAID_18C04D99E33B38F601_1127137812 Label:SM_LampPost02_2 SpatiallyLoaded:1 Bounds:IsValid=true, Min=(X=-10788.747 Y=-9838.647 Z=93.893), Max=(X=-10472.301 Y=-9794.766 Z=626.496) RuntimeGrid:None EditorOnly:0 RuntimeOnly:0 HLODRelevant:1 ListedInSceneOutliner:1 IsMainWorldOnly:0 FolderPath:Lamps FolderGuid:13A77419454818D66A0FE4A194FC67F4
 |   |   |- Guid:7BBF0AFE472AA16E93F18F898245D107 BaseClass: NativeClass:/Script/Foliage.InstancedFoliageActor Name:InstancedFoliageActor_25600_-1_-1_0 Label:InstancedFoliageActor_-1_-1_0 SpatiallyLoaded:1 Bounds:(Editor:IsValid=true, Min=(X=-25600.000 Y=-25600.000 Z=0.000), Max=(X=0.000 Y=0.000 Z=25600.000) Runtime:IsValid=true, Min=(X=-13515.316 Y=-13392.725 Z=51.669), Max=(X=944.816 Y=1202.670 Z=2636.306)) RuntimeGrid:None EditorOnly:0 RuntimeOnly:0 HLODRelevant:1 ListedInSceneOutliner:1 IsMainWorldOnly:0
 |   |   |- Guid:7E62246347F4B047369F7A9AA431F7DC BaseClass: NativeClass:/Script/Engine.StaticMeshActor Name:StaticMeshActor_UAID_18C04D99E33B38F601_1133660814 Label:SM_LampPost02_4 SpatiallyLoaded:1 Bounds:IsValid=true, Min=(X=4281.655 Y=6681.240 Z=100.273), Max=(X=4598.100 Y=6725.121 Z=632.876) RuntimeGrid:None EditorOnly:0 RuntimeOnly:0 HLODRelevant:1 ListedInSceneOutliner:1 IsMainWorldOnly:0 FolderPath:Lamps FolderGuid:13A77419454818D66A0FE4A194FC67F4
 |   |   |- Guid:8176346D4159A6DBF3D7558C6FC7B4F1 BaseClass: NativeClass:/Script/Landscape.LandscapeStreamingProxy Name:LandscapeStreamingProxy_1L41ZJYDE6JOS84BU7QD52YUE_62_1_3_0 Label:LandscapeStreamingProxy_1_3_0 SpatiallyLoaded:1 Bounds:IsValid=true, Min=(X=-6200.000 Y=6200.000 Z=100.000), Max=(X=0.000 Y=12400.000 Z=100.000) RuntimeGrid:None EditorOnly:0 RuntimeOnly:0 HLODRelevant:1 ListedInSceneOutliner:1 IsMainWorldOnly:0
 |   |   |- Guid:97E8F0B34612DAAB412C4987BBE7FED5 BaseClass: NativeClass:/Script/Landscape.LandscapeStreamingProxy Name:LandscapeStreamingProxy_1L41ZJYDE6JOS84BU7QD52YUE_62_3_0_0 Label:LandscapeStreamingProxy_3_0_0 SpatiallyLoaded:1 Bounds:IsValid=true, Min=(X=6200.000 Y=-12400.000 Z=100.000), Max=(X=12400.000 Y=-6200.000 Z=100.000) RuntimeGrid:None EditorOnly:0 RuntimeOnly:0 HLODRelevant:1 ListedInSceneOutliner:1 IsMainWorldOnly:0
 |   |   |- Guid:9ED1355F4583E90DF0B360842FBA9142 BaseClass: NativeClass:/Script/Engine.SpotLight Name:SpotLight_UAID_18C04D99E33B3AF601_1242776172 Label:SpotLight4 SpatiallyLoaded:1 Bounds:IsValid=true, Min=(X=3656.387 Y=-8910.082 Z=-820.039), Max=(X=5046.551 Y=-7519.918 Z=570.125) RuntimeGrid:None EditorOnly:0 RuntimeOnly:0 HLODRelevant:0 ListedInSceneOutliner:1 IsMainWorldOnly:0
 |   |   |- Guid:A03D2EEF4889CB5EDE29D7A4A8ABF3C9 BaseClass: NativeClass:/Script/Landscape.Landscape Name:Landscape_UAID_18C04D99E33B05F601_1597106815 Label:Landscape SpatiallyLoaded:0 Bounds:IsValid=true, Min=(X=-12400.000 Y=-12400.000 Z=100.000), Max=(X=-12400.000 Y=-12400.000 Z=100.000) RuntimeGrid:None EditorOnly:0 RuntimeOnly:0 HLODRelevant:0 ListedInSceneOutliner:1 IsMainWorldOnly:0
 |   |   |- Guid:B0A360614BC8CE46D1D9EE86E053BCB5 BaseClass: NativeClass:/Script/Engine.SpotLight Name:SpotLight_UAID_18C04D99E33B3AF601_1172128170 Label:SpotLight2 SpatiallyLoaded:1 Bounds:IsValid=true, Min=(X=-8502.099 Y=-2867.076 Z=-818.869), Max=(X=-7111.936 Y=-1476.913 Z=571.295) RuntimeGrid:None EditorOnly:0 RuntimeOnly:0 HLODRelevant:0 ListedInSceneOutliner:1 IsMainWorldOnly:0
 |   |   |- Guid:B41905464D99F153AD3EB69C728F3479 BaseClass: NativeClass:/Script/Engine.StaticMeshActor Name:StaticMeshActor_UAID_18C04D99E33B38F601_1099190811 Label:SM_LampPost02_1 SpatiallyLoaded:1 Bounds:IsValid=true, Min=(X=-7854.539 Y=-2202.001 Z=99.340), Max=(X=-7538.093 Y=-2158.120 Z=631.943) RuntimeGrid:None EditorOnly:0 RuntimeOnly:0 HLODRelevant:1 ListedInSceneOutliner:1 IsMainWorldOnly:0 FolderPath:Lamps FolderGuid:13A77419454818D66A0FE4A194FC67F4
 |   |   |- Guid:B785ED2844B84CFB91E7F39FE661CD99 BaseClass: NativeClass:/Script/Engine.DirectionalLight Name:DirectionalLight_0 Label:DirectionalLight SpatiallyLoaded:0 Bounds:Invalid RuntimeGrid:None EditorOnly:0 RuntimeOnly:0 HLODRelevant:0 ListedInSceneOutliner:1 IsMainWorldOnly:0 FolderPath:Lighting FolderGuid:963EC3EB4002CCE9759E2EBA541A873A
 |   |   |- Guid:BD16F076455C6210534D708AA057D626 BaseClass: NativeClass:/Script/Landscape.LandscapeStreamingProxy Name:LandscapeStreamingProxy_1L41ZJYDE6JOS84BU7QD52YUE_62_2_2_0 Label:LandscapeStreamingProxy_2_2_0 SpatiallyLoaded:1 Bounds:IsValid=true, Min=(X=0.000 Y=0.000 Z=100.000), Max=(X=6200.000 Y=6200.000 Z=100.000) RuntimeGrid:None EditorOnly:0 RuntimeOnly:0 HLODRelevant:1 ListedInSceneOutliner:1 IsMainWorldOnly:0
 |   |   |- Guid:BE39A6B147FCB5625D68CE9418FB5E97 BaseClass: NativeClass:/Script/Landscape.LandscapeStreamingProxy Name:LandscapeStreamingProxy_1L41ZJYDE6JOS84BU7QD52YUE_62_3_1_0 Label:LandscapeStreamingProxy_3_1_0 SpatiallyLoaded:1 Bounds:IsValid=true, Min=(X=6200.000 Y=-6200.000 Z=100.000), Max=(X=12400.000 Y=0.000 Z=100.000) RuntimeGrid:None EditorOnly:0 RuntimeOnly:0 HLODRelevant:1 ListedInSceneOutliner:1 IsMainWorldOnly:0
 |   |   |- Guid:BF4793CC494CB70FC2F075A7BEFB4C6E BaseClass: NativeClass:/Script/Engine.SpotLight Name:SpotLight_UAID_18C04D99E33B38F601_1665391817 Label:SpotLight SpatiallyLoaded:1 Bounds:IsValid=true, Min=(X=827.112 Y=-5.082 Z=-770.085), Max=(X=2217.276 Y=1385.082 Z=620.079) RuntimeGrid:None EditorOnly:0 RuntimeOnly:0 HLODRelevant:0 ListedInSceneOutliner:1 IsMainWorldOnly:0
 |   |   |- Guid:C36851594BA078539CA26BB94D94D068 BaseClass: NativeClass:/Script/Landscape.LandscapeStreamingProxy Name:LandscapeStreamingProxy_1L41ZJYDE6JOS84BU7QD52YUE_62_0_1_0 Label:LandscapeStreamingProxy_0_1_0 SpatiallyLoaded:1 Bounds:IsValid=true, Min=(X=-12400.000 Y=-6200.000 Z=100.000), Max=(X=-6200.000 Y=0.000 Z=100.000) RuntimeGrid:None EditorOnly:0 RuntimeOnly:0 HLODRelevant:1 ListedInSceneOutliner:1 IsMainWorldOnly:0
 |   |   |- Guid:D4B8B728491E047C013148A64AFB7E19 BaseClass: NativeClass:/Script/Foliage.InstancedFoliageActor Name:InstancedFoliageActor_25600_0_-1_0 Label:InstancedFoliageActor_0_-1_0 SpatiallyLoaded:1 Bounds:(Editor:IsValid=true, Min=(X=0.000 Y=-25600.000 Z=0.000), Max=(X=25600.000 Y=0.000 Z=25600.000) Runtime:IsValid=true, Min=(X=-1204.884 Y=-13498.446 Z=51.805), Max=(X=13583.936 Y=1556.881 Z=2624.110)) RuntimeGrid:None EditorOnly:0 RuntimeOnly:0 HLODRelevant:1 ListedInSceneOutliner:1 IsMainWorldOnly:0
 |   |   |- Guid:D76F28D94731EFFBC6B2FFB55F386E2D BaseClass: NativeClass:/Script/Engine.SpotLight Name:SpotLight_UAID_18C04D99E33B3AF601_1216223171 Label:SpotLight3 SpatiallyLoaded:1 Bounds:IsValid=true, Min=(X=-11452.888 Y=-10510.082 Z=-830.085), Max=(X=-10062.724 Y=-9119.918 Z=560.079) RuntimeGrid:None EditorOnly:0 RuntimeOnly:0 HLODRelevant:0 ListedInSceneOutliner:1 IsMainWorldOnly:0
 |   |   |- Guid:D7F3558548CB38424C3D70B0D8A17C9F BaseClass: NativeClass:/Script/Landscape.LandscapeStreamingProxy Name:LandscapeStreamingProxy_1L41ZJYDE6JOS84BU7QD52YUE_62_2_1_0 Label:LandscapeStreamingProxy_2_1_0 SpatiallyLoaded:1 Bounds:IsValid=true, Min=(X=0.000 Y=-6200.000 Z=100.000), Max=(X=6200.000 Y=0.000 Z=100.000) RuntimeGrid:None EditorOnly:0 RuntimeOnly:0 HLODRelevant:1 ListedInSceneOutliner:1 IsMainWorldOnly:0
 |   |   |- Guid:E5F730A74B95740CD25438BCBCC56C2F BaseClass: NativeClass:/Script/Landscape.LandscapeStreamingProxy Name:LandscapeStreamingProxy_1L41ZJYDE6JOS84BU7QD52YUE_62_2_0_0 Label:LandscapeStreamingProxy_2_0_0 SpatiallyLoaded:1 Bounds:IsValid=true, Min=(X=0.000 Y=-12400.000 Z=100.000), Max=(X=6200.000 Y=-6200.000 Z=100.000) RuntimeGrid:None EditorOnly:0 RuntimeOnly:0 HLODRelevant:1 ListedInSceneOutliner:1 IsMainWorldOnly:0
 |   |   |- Guid:EC4E0C944CE6AC6E784BC6BB2916EA13 BaseClass: NativeClass:/Script/Engine.StaticMeshActor Name:StaticMeshActor_UAID_A4AE111137DC5EFB00_1110535423 Label:SM_SkySphere SpatiallyLoaded:0 Bounds:IsValid=true, Min=(X=-1638400.000 Y=-1638400.000 Z=-1638400.000), Max=(X=1638400.000 Y=1638400.000 Z=1638400.000) RuntimeGrid:None EditorOnly:0 RuntimeOnly:0 HLODRelevant:0 ListedInSceneOutliner:1 IsMainWorldOnly:0 FolderPath:Lighting FolderGuid:963EC3EB4002CCE9759E2EBA541A873A
 |   |   |- Guid:EF907ADB4565A628D9D6CE8C5F6A4029 BaseClass: NativeClass:/Script/Landscape.LandscapeStreamingProxy Name:LandscapeStreamingProxy_1L41ZJYDE6JOS84BU7QD52YUE_62_3_3_0 Label:LandscapeStreamingProxy_3_3_0 SpatiallyLoaded:1 Bounds:IsValid=true, Min=(X=6200.000 Y=6200.000 Z=100.000), Max=(X=12400.000 Y=12400.000 Z=100.000) RuntimeGrid:None EditorOnly:0 RuntimeOnly:0 HLODRelevant:1 ListedInSceneOutliner:1 IsMainWorldOnly:0
 |   |   |- Guid:F08ECB984FF02472639A728386732C98 BaseClass: NativeClass:/Script/Foliage.InstancedFoliageActor Name:InstancedFoliageActor_25600_0_0_0 Label:InstancedFoliageActor_0_0_0 SpatiallyLoaded:1 Bounds:(Editor:IsValid=true, Min=(X=0.000 Y=0.000 Z=0.000), Max=(X=25600.000 Y=25600.000 Z=25600.000) Runtime:IsValid=true, Min=(X=-1042.532 Y=-1307.607 Z=51.774), Max=(X=13669.239 Y=13223.221 Z=2597.077)) RuntimeGrid:None EditorOnly:0 RuntimeOnly:0 HLODRelevant:1 ListedInSceneOutliner:1 IsMainWorldOnly:0
 |   |   |- Guid:F3C5364B4924A814A7AEA68C760B2AD6 BaseClass: NativeClass:/Script/Landscape.LandscapeStreamingProxy Name:LandscapeStreamingProxy_1L41ZJYDE6JOS84BU7QD52YUE_62_2_3_0 Label:LandscapeStreamingProxy_2_3_0 SpatiallyLoaded:1 Bounds:IsValid=true, Min=(X=0.000 Y=6200.000 Z=100.000), Max=(X=6200.000 Y=12400.000 Z=100.000) RuntimeGrid:None EditorOnly:0 RuntimeOnly:0 HLODRelevant:1 ListedInSceneOutliner:1 IsMainWorldOnly:0
 |   |   |- Guid:F73127EC47614281BCBBF7B34C918A5C BaseClass: NativeClass:/Script/Foliage.InstancedFoliageActor Name:InstancedFoliageActor_25600_-1_0_0 Label:InstancedFoliageActor_-1_0_0 SpatiallyLoaded:1 Bounds:(Editor:IsValid=true, Min=(X=-25600.000 Y=0.000 Z=0.000), Max=(X=0.000 Y=25600.000 Z=25600.000) Runtime:IsValid=true, Min=(X=-13718.706 Y=-1524.425 Z=51.703), Max=(X=1261.648 Y=13618.748 Z=2559.866)) RuntimeGrid:None EditorOnly:0 RuntimeOnly:0 HLODRelevant:1 ListedInSceneOutliner:1 IsMainWorldOnly:0
 |   |   |- Guid:F7D65089466E81B507B519A0870932D5 BaseClass: NativeClass:/Script/Landscape.LandscapeStreamingProxy Name:LandscapeStreamingProxy_1L41ZJYDE6JOS84BU7QD52YUE_62_1_2_0 Label:LandscapeStreamingProxy_1_2_0 SpatiallyLoaded:1 Bounds:IsValid=true, Min=(X=-6200.000 Y=0.000 Z=100.000), Max=(X=0.000 Y=6200.000 Z=100.000) RuntimeGrid:None EditorOnly:0 RuntimeOnly:0 HLODRelevant:1 ListedInSceneOutliner:1 IsMainWorldOnly:0
 |   |   |- Guid:FD7DB4794D500690DAAB2AAF9AA4DB28 BaseClass: NativeClass:/Script/Engine.StaticMeshActor Name:StaticMeshActor_UAID_18C04D99E33B38F601_1138684816 Label:SM_LampPost02_6 SpatiallyLoaded:1 Bounds:IsValid=true, Min=(X=1492.955 Y=668.109 Z=100.583), Max=(X=1809.401 Y=711.990 Z=633.186) RuntimeGrid:None EditorOnly:0 RuntimeOnly:0 HLODRelevant:1 ListedInSceneOutliner:1 IsMainWorldOnly:0 FolderPath:Lamps FolderGuid:13A77419454818D66A0FE4A194FC67F4
 |   |- [+] Clusters:
 |   |   |- [+] [  0]
 |   |   |   |- Guid:0E4F262241AE3A25EAD5EA908F3E8A3E BaseClass: NativeClass:/Script/Engine.StaticMeshActor Name:StaticMeshActor_UAID_18C04D99E33B38F601_1135936815 Label:SM_LampPost02_5 SpatiallyLoaded:1 Bounds:IsValid=true, Min=(X=-11171.466 Y=9482.811 Z=101.864), Max=(X=-10855.021 Y=9526.692 Z=634.467) RuntimeGrid:None EditorOnly:0 RuntimeOnly:0 HLODRelevant:1 ListedInSceneOutliner:1 IsMainWorldOnly:0 FolderPath:Lamps FolderGuid:13A77419454818D66A0FE4A194FC67F4
 |   |   |- [+] [  1]
 |   |   |   |- Guid:15883C0040E932D6B583909B12D14DB7 BaseClass: NativeClass:/Script/Engine.StaticMeshActor Name:StaticMeshActor_UAID_18C04D99E33B38F601_1131636813 Label:SM_LampPost02_3 SpatiallyLoaded:1 Bounds:IsValid=true, Min=(X=4326.356 Y=-8237.262 Z=100.273), Max=(X=4642.802 Y=-8193.381 Z=632.876) RuntimeGrid:None EditorOnly:0 RuntimeOnly:0 HLODRelevant:1 ListedInSceneOutliner:1 IsMainWorldOnly:0 FolderPath:Lamps FolderGuid:13A77419454818D66A0FE4A194FC67F4
 |   |   |- [+] [  2]
 |   |   |   |- Guid:191B8E2E4F9473F9A7B6998D565149F3 BaseClass: NativeClass:/Script/Landscape.LandscapeStreamingProxy Name:LandscapeStreamingProxy_1L41ZJYDE6JOS84BU7QD52YUE_62_0_0_0 Label:LandscapeStreamingProxy_0_0_0 SpatiallyLoaded:1 Bounds:IsValid=true, Min=(X=-12400.000 Y=-12400.000 Z=100.000), Max=(X=-6200.000 Y=-6200.000 Z=100.000) RuntimeGrid:None EditorOnly:0 RuntimeOnly:0 HLODRelevant:1 ListedInSceneOutliner:1 IsMainWorldOnly:0
 |   |   |- [+] [  3]
 |   |   |   |- Guid:1B9640594E35D450EBA2169262CD8B0D BaseClass: NativeClass:/Script/Engine.SpotLight Name:SpotLight_UAID_18C04D99E33B3AF601_1266220173 Label:SpotLight5 SpatiallyLoaded:1 Bounds:IsValid=true, Min=(X=3614.918 Y=6026.586 Z=-818.783), Max=(X=5005.082 Y=7416.749 Z=571.380) RuntimeGrid:None EditorOnly:0 RuntimeOnly:0 HLODRelevant:0 ListedInSceneOutliner:1 IsMainWorldOnly:0
 |   |   |- [+] [  4]
 |   |   |   |- Guid:2FB58999456391D349DC0F86DAC136ED BaseClass: NativeClass:/Script/Engine.SkyLight Name:SkyLight_1 Label:SkyLight SpatiallyLoaded:0 Bounds:IsValid=true, Min=(X=0.000 Y=0.000 Z=690.000), Max=(X=0.000 Y=0.000 Z=690.000) RuntimeGrid:None EditorOnly:0 RuntimeOnly:0 HLODRelevant:0 ListedInSceneOutliner:1 IsMainWorldOnly:0 FolderPath:Lighting FolderGuid:963EC3EB4002CCE9759E2EBA541A873A
 |   |   |- [+] [  5]
 |   |   |   |- Guid:316CF2A6494ACA4C0E4180A87D36AB8F BaseClass: NativeClass:/Script/Engine.ExponentialHeightFog Name:ExponentialHeightFog_0 Label:ExponentialHeightFog SpatiallyLoaded:0 Bounds:IsValid=true, Min=(X=-5600.000 Y=-50.000 Z=-6850.000), Max=(X=-5600.000 Y=-50.000 Z=-6850.000) RuntimeGrid:None EditorOnly:0 RuntimeOnly:0 HLODRelevant:0 ListedInSceneOutliner:1 IsMainWorldOnly:0 FolderPath:Lighting FolderGuid:963EC3EB4002CCE9759E2EBA541A873A
 |   |   |- [+] [  6]
 |   |   |   |- Guid:3A00AA1C422CE54C0BDB60BAF471BFBB BaseClass: NativeClass:/Script/Engine.PlayerStart Name:PlayerStart_0 Label:PlayerStart SpatiallyLoaded:0 Bounds:IsValid=true, Min=(X=-12060.000 Y=-2150.000 Z=110.013), Max=(X=-11980.000 Y=-2070.000 Z=294.013) RuntimeGrid:None EditorOnly:0 RuntimeOnly:0 HLODRelevant:0 ListedInSceneOutliner:1 IsMainWorldOnly:0
 |   |   |- [+] [  7]
 |   |   |   |- Guid:3C3559154C5FD61071D4D2B3407B012C BaseClass: NativeClass:/Script/Landscape.LandscapeStreamingProxy Name:LandscapeStreamingProxy_1L41ZJYDE6JOS84BU7QD52YUE_62_0_3_0 Label:LandscapeStreamingProxy_0_3_0 SpatiallyLoaded:1 Bounds:IsValid=true, Min=(X=-12400.000 Y=6200.000 Z=100.000), Max=(X=-6200.000 Y=12400.000 Z=100.000) RuntimeGrid:None EditorOnly:0 RuntimeOnly:0 HLODRelevant:1 ListedInSceneOutliner:1 IsMainWorldOnly:0
 |   |   |- [+] [  8]
 |   |   |   |- Guid:458825DD4B551837C302D1959677A615 BaseClass: NativeClass:/Script/Landscape.LandscapeStreamingProxy Name:LandscapeStreamingProxy_1L41ZJYDE6JOS84BU7QD52YUE_62_3_2_0 Label:LandscapeStreamingProxy_3_2_0 SpatiallyLoaded:1 Bounds:IsValid=true, Min=(X=6200.000 Y=0.000 Z=100.000), Max=(X=12400.000 Y=6200.000 Z=100.000) RuntimeGrid:None EditorOnly:0 RuntimeOnly:0 HLODRelevant:1 ListedInSceneOutliner:1 IsMainWorldOnly:0
 |   |   |- [+] [  9]
 |   |   |   |- Guid:482C82CA427F04611C7688B4D40A1B38 BaseClass: NativeClass:/Script/Landscape.LandscapeStreamingProxy Name:LandscapeStreamingProxy_1L41ZJYDE6JOS84BU7QD52YUE_62_1_0_0 Label:LandscapeStreamingProxy_1_0_0 SpatiallyLoaded:1 Bounds:IsValid=true, Min=(X=-6200.000 Y=-12400.000 Z=100.000), Max=(X=0.000 Y=-6200.000 Z=100.000) RuntimeGrid:None EditorOnly:0 RuntimeOnly:0 HLODRelevant:1 ListedInSceneOutliner:1 IsMainWorldOnly:0
 |   |   |- [+] [ 10]
 |   |   |   |- Guid:5A2D19BB45362ECB0E1577A64C695C65 BaseClass: NativeClass:/Script/Engine.SpotLight Name:SpotLight_UAID_18C04D99E33B3AF601_1296385174 Label:SpotLight6 SpatiallyLoaded:1 Bounds:IsValid=true, Min=(X=-11837.924 Y=8804.918 Z=-820.083), Max=(X=-10447.760 Y=10195.082 Z=570.081) RuntimeGrid:None EditorOnly:0 RuntimeOnly:0 HLODRelevant:0 ListedInSceneOutliner:1 IsMainWorldOnly:0
 |   |   |- [+] [ 11]
 |   |   |   |- Guid:5E257D6E44C0BADE3AA2A0A0543A5A49 BaseClass: NativeClass:/Script/Landscape.LandscapeStreamingProxy Name:LandscapeStreamingProxy_1L41ZJYDE6JOS84BU7QD52YUE_62_1_1_0 Label:LandscapeStreamingProxy_1_1_0 SpatiallyLoaded:1 Bounds:IsValid=true, Min=(X=-6200.000 Y=-6200.000 Z=100.000), Max=(X=0.000 Y=0.000 Z=100.000) RuntimeGrid:None EditorOnly:0 RuntimeOnly:0 HLODRelevant:1 ListedInSceneOutliner:1 IsMainWorldOnly:0
 |   |   |- [+] [ 12]
 |   |   |   |- Guid:6BAF4DDD444C60371492D3919DB42C97 BaseClass: NativeClass:/Script/Engine.WorldDataLayers Name:WorldDataLayers Label:WorldDataLayers SpatiallyLoaded:0 Bounds:IsValid=true, Min=(X=0.000 Y=0.000 Z=0.000), Max=(X=0.000 Y=0.000 Z=0.000) RuntimeGrid:None EditorOnly:0 RuntimeOnly:0 HLODRelevant:0 ListedInSceneOutliner:1 IsMainWorldOnly:1
 |   |   |- [+] [ 13]
 |   |   |   |- Guid:776708594A1076828AE0088E92B1AC9D BaseClass: NativeClass:/Script/Landscape.LandscapeStreamingProxy Name:LandscapeStreamingProxy_1L41ZJYDE6JOS84BU7QD52YUE_62_0_2_0 Label:LandscapeStreamingProxy_0_2_0 SpatiallyLoaded:1 Bounds:IsValid=true, Min=(X=-12400.000 Y=0.000 Z=100.000), Max=(X=-6200.000 Y=6200.000 Z=100.000) RuntimeGrid:None EditorOnly:0 RuntimeOnly:0 HLODRelevant:1 ListedInSceneOutliner:1 IsMainWorldOnly:0
 |   |   |- [+] [ 14]
 |   |   |   |- Guid:7B5328AE45D2E2C48588BFAE566C0FA9 BaseClass: NativeClass:/Script/Engine.StaticMeshActor Name:StaticMeshActor_UAID_18C04D99E33B38F601_1127137812 Label:SM_LampPost02_2 SpatiallyLoaded:1 Bounds:IsValid=true, Min=(X=-10788.747 Y=-9838.647 Z=93.893), Max=(X=-10472.301 Y=-9794.766 Z=626.496) RuntimeGrid:None EditorOnly:0 RuntimeOnly:0 HLODRelevant:1 ListedInSceneOutliner:1 IsMainWorldOnly:0 FolderPath:Lamps FolderGuid:13A77419454818D66A0FE4A194FC67F4
 |   |   |- [+] [ 15]
 |   |   |   |- Guid:7BBF0AFE472AA16E93F18F898245D107 BaseClass: NativeClass:/Script/Foliage.InstancedFoliageActor Name:InstancedFoliageActor_25600_-1_-1_0 Label:InstancedFoliageActor_-1_-1_0 SpatiallyLoaded:1 Bounds:(Editor:IsValid=true, Min=(X=-25600.000 Y=-25600.000 Z=0.000), Max=(X=0.000 Y=0.000 Z=25600.000) Runtime:IsValid=true, Min=(X=-13515.316 Y=-13392.725 Z=51.669), Max=(X=944.816 Y=1202.670 Z=2636.306)) RuntimeGrid:None EditorOnly:0 RuntimeOnly:0 HLODRelevant:1 ListedInSceneOutliner:1 IsMainWorldOnly:0
 |   |   |- [+] [ 16]
 |   |   |   |- Guid:7E62246347F4B047369F7A9AA431F7DC BaseClass: NativeClass:/Script/Engine.StaticMeshActor Name:StaticMeshActor_UAID_18C04D99E33B38F601_1133660814 Label:SM_LampPost02_4 SpatiallyLoaded:1 Bounds:IsValid=true, Min=(X=4281.655 Y=6681.240 Z=100.273), Max=(X=4598.100 Y=6725.121 Z=632.876) RuntimeGrid:None EditorOnly:0 RuntimeOnly:0 HLODRelevant:1 ListedInSceneOutliner:1 IsMainWorldOnly:0 FolderPath:Lamps FolderGuid:13A77419454818D66A0FE4A194FC67F4
 |   |   |- [+] [ 17]
 |   |   |   |- Guid:8176346D4159A6DBF3D7558C6FC7B4F1 BaseClass: NativeClass:/Script/Landscape.LandscapeStreamingProxy Name:LandscapeStreamingProxy_1L41ZJYDE6JOS84BU7QD52YUE_62_1_3_0 Label:LandscapeStreamingProxy_1_3_0 SpatiallyLoaded:1 Bounds:IsValid=true, Min=(X=-6200.000 Y=6200.000 Z=100.000), Max=(X=0.000 Y=12400.000 Z=100.000) RuntimeGrid:None EditorOnly:0 RuntimeOnly:0 HLODRelevant:1 ListedInSceneOutliner:1 IsMainWorldOnly:0
 |   |   |- [+] [ 18]
 |   |   |   |- Guid:97E8F0B34612DAAB412C4987BBE7FED5 BaseClass: NativeClass:/Script/Landscape.LandscapeStreamingProxy Name:LandscapeStreamingProxy_1L41ZJYDE6JOS84BU7QD52YUE_62_3_0_0 Label:LandscapeStreamingProxy_3_0_0 SpatiallyLoaded:1 Bounds:IsValid=true, Min=(X=6200.000 Y=-12400.000 Z=100.000), Max=(X=12400.000 Y=-6200.000 Z=100.000) RuntimeGrid:None EditorOnly:0 RuntimeOnly:0 HLODRelevant:1 ListedInSceneOutliner:1 IsMainWorldOnly:0
 |   |   |- [+] [ 19]
 |   |   |   |- Guid:9ED1355F4583E90DF0B360842FBA9142 BaseClass: NativeClass:/Script/Engine.SpotLight Name:SpotLight_UAID_18C04D99E33B3AF601_1242776172 Label:SpotLight4 SpatiallyLoaded:1 Bounds:IsValid=true, Min=(X=3656.387 Y=-8910.082 Z=-820.039), Max=(X=5046.551 Y=-7519.918 Z=570.125) RuntimeGrid:None EditorOnly:0 RuntimeOnly:0 HLODRelevant:0 ListedInSceneOutliner:1 IsMainWorldOnly:0
 |   |   |- [+] [ 20]
 |   |   |   |- Guid:A03D2EEF4889CB5EDE29D7A4A8ABF3C9 BaseClass: NativeClass:/Script/Landscape.Landscape Name:Landscape_UAID_18C04D99E33B05F601_1597106815 Label:Landscape SpatiallyLoaded:0 Bounds:IsValid=true, Min=(X=-12400.000 Y=-12400.000 Z=100.000), Max=(X=-12400.000 Y=-12400.000 Z=100.000) RuntimeGrid:None EditorOnly:0 RuntimeOnly:0 HLODRelevant:0 ListedInSceneOutliner:1 IsMainWorldOnly:0
 |   |   |- [+] [ 21]
 |   |   |   |- Guid:B0A360614BC8CE46D1D9EE86E053BCB5 BaseClass: NativeClass:/Script/Engine.SpotLight Name:SpotLight_UAID_18C04D99E33B3AF601_1172128170 Label:SpotLight2 SpatiallyLoaded:1 Bounds:IsValid=true, Min=(X=-8502.099 Y=-2867.076 Z=-818.869), Max=(X=-7111.936 Y=-1476.913 Z=571.295) RuntimeGrid:None EditorOnly:0 RuntimeOnly:0 HLODRelevant:0 ListedInSceneOutliner:1 IsMainWorldOnly:0
 |   |   |- [+] [ 22]
 |   |   |   |- Guid:B41905464D99F153AD3EB69C728F3479 BaseClass: NativeClass:/Script/Engine.StaticMeshActor Name:StaticMeshActor_UAID_18C04D99E33B38F601_1099190811 Label:SM_LampPost02_1 SpatiallyLoaded:1 Bounds:IsValid=true, Min=(X=-7854.539 Y=-2202.001 Z=99.340), Max=(X=-7538.093 Y=-2158.120 Z=631.943) RuntimeGrid:None EditorOnly:0 RuntimeOnly:0 HLODRelevant:1 ListedInSceneOutliner:1 IsMainWorldOnly:0 FolderPath:Lamps FolderGuid:13A77419454818D66A0FE4A194FC67F4
 |   |   |- [+] [ 23]
 |   |   |   |- Guid:B785ED2844B84CFB91E7F39FE661CD99 BaseClass: NativeClass:/Script/Engine.DirectionalLight Name:DirectionalLight_0 Label:DirectionalLight SpatiallyLoaded:0 Bounds:Invalid RuntimeGrid:None EditorOnly:0 RuntimeOnly:0 HLODRelevant:0 ListedInSceneOutliner:1 IsMainWorldOnly:0 FolderPath:Lighting FolderGuid:963EC3EB4002CCE9759E2EBA541A873A
 |   |   |- [+] [ 24]
 |   |   |   |- Guid:BD16F076455C6210534D708AA057D626 BaseClass: NativeClass:/Script/Landscape.LandscapeStreamingProxy Name:LandscapeStreamingProxy_1L41ZJYDE6JOS84BU7QD52YUE_62_2_2_0 Label:LandscapeStreamingProxy_2_2_0 SpatiallyLoaded:1 Bounds:IsValid=true, Min=(X=0.000 Y=0.000 Z=100.000), Max=(X=6200.000 Y=6200.000 Z=100.000) RuntimeGrid:None EditorOnly:0 RuntimeOnly:0 HLODRelevant:1 ListedInSceneOutliner:1 IsMainWorldOnly:0
 |   |   |- [+] [ 25]
 |   |   |   |- Guid:BE39A6B147FCB5625D68CE9418FB5E97 BaseClass: NativeClass:/Script/Landscape.LandscapeStreamingProxy Name:LandscapeStreamingProxy_1L41ZJYDE6JOS84BU7QD52YUE_62_3_1_0 Label:LandscapeStreamingProxy_3_1_0 SpatiallyLoaded:1 Bounds:IsValid=true, Min=(X=6200.000 Y=-6200.000 Z=100.000), Max=(X=12400.000 Y=0.000 Z=100.000) RuntimeGrid:None EditorOnly:0 RuntimeOnly:0 HLODRelevant:1 ListedInSceneOutliner:1 IsMainWorldOnly:0
 |   |   |- [+] [ 26]
 |   |   |   |- Guid:BF4793CC494CB70FC2F075A7BEFB4C6E BaseClass: NativeClass:/Script/Engine.SpotLight Name:SpotLight_UAID_18C04D99E33B38F601_1665391817 Label:SpotLight SpatiallyLoaded:1 Bounds:IsValid=true, Min=(X=827.112 Y=-5.082 Z=-770.085), Max=(X=2217.276 Y=1385.082 Z=620.079) RuntimeGrid:None EditorOnly:0 RuntimeOnly:0 HLODRelevant:0 ListedInSceneOutliner:1 IsMainWorldOnly:0
 |   |   |- [+] [ 27]
 |   |   |   |- Guid:C36851594BA078539CA26BB94D94D068 BaseClass: NativeClass:/Script/Landscape.LandscapeStreamingProxy Name:LandscapeStreamingProxy_1L41ZJYDE6JOS84BU7QD52YUE_62_0_1_0 Label:LandscapeStreamingProxy_0_1_0 SpatiallyLoaded:1 Bounds:IsValid=true, Min=(X=-12400.000 Y=-6200.000 Z=100.000), Max=(X=-6200.000 Y=0.000 Z=100.000) RuntimeGrid:None EditorOnly:0 RuntimeOnly:0 HLODRelevant:1 ListedInSceneOutliner:1 IsMainWorldOnly:0
 |   |   |- [+] [ 28]
 |   |   |   |- Guid:D4B8B728491E047C013148A64AFB7E19 BaseClass: NativeClass:/Script/Foliage.InstancedFoliageActor Name:InstancedFoliageActor_25600_0_-1_0 Label:InstancedFoliageActor_0_-1_0 SpatiallyLoaded:1 Bounds:(Editor:IsValid=true, Min=(X=0.000 Y=-25600.000 Z=0.000), Max=(X=25600.000 Y=0.000 Z=25600.000) Runtime:IsValid=true, Min=(X=-1204.884 Y=-13498.446 Z=51.805), Max=(X=13583.936 Y=1556.881 Z=2624.110)) RuntimeGrid:None EditorOnly:0 RuntimeOnly:0 HLODRelevant:1 ListedInSceneOutliner:1 IsMainWorldOnly:0
 |   |   |- [+] [ 29]
 |   |   |   |- Guid:D76F28D94731EFFBC6B2FFB55F386E2D BaseClass: NativeClass:/Script/Engine.SpotLight Name:SpotLight_UAID_18C04D99E33B3AF601_1216223171 Label:SpotLight3 SpatiallyLoaded:1 Bounds:IsValid=true, Min=(X=-11452.888 Y=-10510.082 Z=-830.085), Max=(X=-10062.724 Y=-9119.918 Z=560.079) RuntimeGrid:None EditorOnly:0 RuntimeOnly:0 HLODRelevant:0 ListedInSceneOutliner:1 IsMainWorldOnly:0
 |   |   |- [+] [ 30]
 |   |   |   |- Guid:D7F3558548CB38424C3D70B0D8A17C9F BaseClass: NativeClass:/Script/Landscape.LandscapeStreamingProxy Name:LandscapeStreamingProxy_1L41ZJYDE6JOS84BU7QD52YUE_62_2_1_0 Label:LandscapeStreamingProxy_2_1_0 SpatiallyLoaded:1 Bounds:IsValid=true, Min=(X=0.000 Y=-6200.000 Z=100.000), Max=(X=6200.000 Y=0.000 Z=100.000) RuntimeGrid:None EditorOnly:0 RuntimeOnly:0 HLODRelevant:1 ListedInSceneOutliner:1 IsMainWorldOnly:0
 |   |   |- [+] [ 31]
 |   |   |   |- Guid:E5F730A74B95740CD25438BCBCC56C2F BaseClass: NativeClass:/Script/Landscape.LandscapeStreamingProxy Name:LandscapeStreamingProxy_1L41ZJYDE6JOS84BU7QD52YUE_62_2_0_0 Label:LandscapeStreamingProxy_2_0_0 SpatiallyLoaded:1 Bounds:IsValid=true, Min=(X=0.000 Y=-12400.000 Z=100.000), Max=(X=6200.000 Y=-6200.000 Z=100.000) RuntimeGrid:None EditorOnly:0 RuntimeOnly:0 HLODRelevant:1 ListedInSceneOutliner:1 IsMainWorldOnly:0
 |   |   |- [+] [ 32]
 |   |   |   |- Guid:EC4E0C944CE6AC6E784BC6BB2916EA13 BaseClass: NativeClass:/Script/Engine.StaticMeshActor Name:StaticMeshActor_UAID_A4AE111137DC5EFB00_1110535423 Label:SM_SkySphere SpatiallyLoaded:0 Bounds:IsValid=true, Min=(X=-1638400.000 Y=-1638400.000 Z=-1638400.000), Max=(X=1638400.000 Y=1638400.000 Z=1638400.000) RuntimeGrid:None EditorOnly:0 RuntimeOnly:0 HLODRelevant:0 ListedInSceneOutliner:1 IsMainWorldOnly:0 FolderPath:Lighting FolderGuid:963EC3EB4002CCE9759E2EBA541A873A
 |   |   |- [+] [ 33]
 |   |   |   |- Guid:EF907ADB4565A628D9D6CE8C5F6A4029 BaseClass: NativeClass:/Script/Landscape.LandscapeStreamingProxy Name:LandscapeStreamingProxy_1L41ZJYDE6JOS84BU7QD52YUE_62_3_3_0 Label:LandscapeStreamingProxy_3_3_0 SpatiallyLoaded:1 Bounds:IsValid=true, Min=(X=6200.000 Y=6200.000 Z=100.000), Max=(X=12400.000 Y=12400.000 Z=100.000) RuntimeGrid:None EditorOnly:0 RuntimeOnly:0 HLODRelevant:1 ListedInSceneOutliner:1 IsMainWorldOnly:0
 |   |   |- [+] [ 34]
 |   |   |   |- Guid:F08ECB984FF02472639A728386732C98 BaseClass: NativeClass:/Script/Foliage.InstancedFoliageActor Name:InstancedFoliageActor_25600_0_0_0 Label:InstancedFoliageActor_0_0_0 SpatiallyLoaded:1 Bounds:(Editor:IsValid=true, Min=(X=0.000 Y=0.000 Z=0.000), Max=(X=25600.000 Y=25600.000 Z=25600.000) Runtime:IsValid=true, Min=(X=-1042.532 Y=-1307.607 Z=51.774), Max=(X=13669.239 Y=13223.221 Z=2597.077)) RuntimeGrid:None EditorOnly:0 RuntimeOnly:0 HLODRelevant:1 ListedInSceneOutliner:1 IsMainWorldOnly:0
 |   |   |- [+] [ 35]
 |   |   |   |- Guid:F3C5364B4924A814A7AEA68C760B2AD6 BaseClass: NativeClass:/Script/Landscape.LandscapeStreamingProxy Name:LandscapeStreamingProxy_1L41ZJYDE6JOS84BU7QD52YUE_62_2_3_0 Label:LandscapeStreamingProxy_2_3_0 SpatiallyLoaded:1 Bounds:IsValid=true, Min=(X=0.000 Y=6200.000 Z=100.000), Max=(X=6200.000 Y=12400.000 Z=100.000) RuntimeGrid:None EditorOnly:0 RuntimeOnly:0 HLODRelevant:1 ListedInSceneOutliner:1 IsMainWorldOnly:0
 |   |   |- [+] [ 36]
 |   |   |   |- Guid:F73127EC47614281BCBBF7B34C918A5C BaseClass: NativeClass:/Script/Foliage.InstancedFoliageActor Name:InstancedFoliageActor_25600_-1_0_0 Label:InstancedFoliageActor_-1_0_0 SpatiallyLoaded:1 Bounds:(Editor:IsValid=true, Min=(X=-25600.000 Y=0.000 Z=0.000), Max=(X=0.000 Y=25600.000 Z=25600.000) Runtime:IsValid=true, Min=(X=-13718.706 Y=-1524.425 Z=51.703), Max=(X=1261.648 Y=13618.748 Z=2559.866)) RuntimeGrid:None EditorOnly:0 RuntimeOnly:0 HLODRelevant:1 ListedInSceneOutliner:1 IsMainWorldOnly:0
 |   |   |- [+] [ 37]
 |   |   |   |- Guid:F7D65089466E81B507B519A0870932D5 BaseClass: NativeClass:/Script/Landscape.LandscapeStreamingProxy Name:LandscapeStreamingProxy_1L41ZJYDE6JOS84BU7QD52YUE_62_1_2_0 Label:LandscapeStreamingProxy_1_2_0 SpatiallyLoaded:1 Bounds:IsValid=true, Min=(X=-6200.000 Y=0.000 Z=100.000), Max=(X=0.000 Y=6200.000 Z=100.000) RuntimeGrid:None EditorOnly:0 RuntimeOnly:0 HLODRelevant:1 ListedInSceneOutliner:1 IsMainWorldOnly:0
 |   |   |- [+] [ 38]
 |   |   |   |- Guid:FD7DB4794D500690DAAB2AAF9AA4DB28 BaseClass: NativeClass:/Script/Engine.StaticMeshActor Name:StaticMeshActor_UAID_18C04D99E33B38F601_1138684816 Label:SM_LampPost02_6 SpatiallyLoaded:1 Bounds:IsValid=true, Min=(X=1492.955 Y=668.109 Z=100.583), Max=(X=1809.401 Y=711.990 Z=633.186) RuntimeGrid:None EditorOnly:0 RuntimeOnly:0 HLODRelevant:1 ListedInSceneOutliner:1 IsMainWorldOnly:0 FolderPath:Lamps FolderGuid:13A77419454818D66A0FE4A194FC67F4
 |- ContainerInstances:
 |- [+] MainContainer:
 |   |-        ID: 00000000000000000000000000000000
 |   |-  ParentID: 00000000000000000000000000000000
 |   |-    Bounds: IsValid=false, Min=(X=0.000 Y=0.000 Z=0.000), Max=(X=0.000 Y=0.000 Z=0.000)
 |   |- Transform: 0.000000,0.000000,0.000000|0.000000,0.000000,-0.000000|1.000000,1.000000,1.000000
 |   |- Container: /Game/ThirdPerson/Maps/ThirdPersonMap
----------------------------------------------------------------------------------------------------------------
ThirdPersonMap - Persistent Level
----------------------------------------------------------------------------------------------------------------
[+] Content of ThirdPersonMap Persistent Level
 |- Always loaded Actor Count: 39 
 |- Actor Path: /Game/ThirdPerson/Maps/ThirdPersonMap.ThirdPersonMap:PersistentLevel.DirectionalLight_0
 |- Actor Package: /Game/__ExternalActors__/ThirdPerson/Maps/ThirdPersonMap/5/R1/TS5OQ5CRUWFZYL1ZQ7I416
 |- Actor Path: /Game/ThirdPerson/Maps/ThirdPersonMap.ThirdPersonMap:PersistentLevel.ExponentialHeightFog_0
 |- Actor Package: /Game/__ExternalActors__/ThirdPerson/Maps/ThirdPersonMap/6/J7/N10XDC9G27EMLS5AGZ6AVV
 |- Actor Path: /Game/ThirdPerson/Maps/ThirdPersonMap.ThirdPersonMap:PersistentLevel.InstancedFoliageActor_25600_-1_-1_0
 |- Actor Package: /Game/__ExternalActors__/ThirdPerson/Maps/ThirdPersonMap/E/02/E2BBF4FVHFI8FR3HJ3867V
 |- Actor Path: /Game/ThirdPerson/Maps/ThirdPersonMap.ThirdPersonMap:PersistentLevel.InstancedFoliageActor_25600_-1_0_0
 |- Actor Package: /Game/__ExternalActors__/ThirdPerson/Maps/ThirdPersonMap/2/1M/HG5S9ELEETP2KN1Z2BITM8
 |- Actor Path: /Game/ThirdPerson/Maps/ThirdPersonMap.ThirdPersonMap:PersistentLevel.InstancedFoliageActor_25600_0_-1_0
 |- Actor Package: /Game/__ExternalActors__/ThirdPerson/Maps/ThirdPersonMap/B/YY/EYJPQPROZT8UAHESPFQYL6
 |- Actor Path: /Game/ThirdPerson/Maps/ThirdPersonMap.ThirdPersonMap:PersistentLevel.InstancedFoliageActor_25600_0_0_0
 |- Actor Package: /Game/__ExternalActors__/ThirdPerson/Maps/ThirdPersonMap/A/GJ/2C6NLIROC1TRGFR9B9CSAR
 |- Actor Path: /Game/ThirdPerson/Maps/ThirdPersonMap.ThirdPersonMap:PersistentLevel.Landscape_UAID_18C04D99E33B05F601_1597106815
 |- Actor Package: /Game/__ExternalActors__/ThirdPerson/Maps/ThirdPersonMap/A/59/VX510FRAY8RMM6VC8EU060
 |- Actor Path: /Game/ThirdPerson/Maps/ThirdPersonMap.ThirdPersonMap:PersistentLevel.LandscapeStreamingProxy_1L41ZJYDE6JOS84BU7QD52YUE_62_0_0_0
 |- Actor Package: /Game/__ExternalActors__/ThirdPerson/Maps/ThirdPersonMap/B/IM/TJPQ9GFCFXH8NA15F7WCT3
 |- Actor Path: /Game/ThirdPerson/Maps/ThirdPersonMap.ThirdPersonMap:PersistentLevel.LandscapeStreamingProxy_1L41ZJYDE6JOS84BU7QD52YUE_62_0_1_0
 |- Actor Package: /Game/__ExternalActors__/ThirdPerson/Maps/ThirdPersonMap/2/S4/VSUBRY86NOO5T3SFCFSMXN
 |- Actor Path: /Game/ThirdPerson/Maps/ThirdPersonMap.ThirdPersonMap:PersistentLevel.LandscapeStreamingProxy_1L41ZJYDE6JOS84BU7QD52YUE_62_0_2_0
 |- Actor Package: /Game/__ExternalActors__/ThirdPerson/Maps/ThirdPersonMap/9/G2/XSQCEV8JNT5KSN1FC0D13D
 |- Actor Path: /Game/ThirdPerson/Maps/ThirdPersonMap.ThirdPersonMap:PersistentLevel.LandscapeStreamingProxy_1L41ZJYDE6JOS84BU7QD52YUE_62_0_3_0
 |- Actor Package: /Game/__ExternalActors__/ThirdPerson/Maps/ThirdPersonMap/C/7U/Q66CM34XBXTHYN5GWGKX2P
 |- Actor Path: /Game/ThirdPerson/Maps/ThirdPersonMap.ThirdPersonMap:PersistentLevel.LandscapeStreamingProxy_1L41ZJYDE6JOS84BU7QD52YUE_62_1_0_0
 |- Actor Package: /Game/__ExternalActors__/ThirdPerson/Maps/ThirdPersonMap/B/T9/GZ5G0VGBO9CHOQZD8IK5FL
 |- Actor Path: /Game/ThirdPerson/Maps/ThirdPersonMap.ThirdPersonMap:PersistentLevel.LandscapeStreamingProxy_1L41ZJYDE6JOS84BU7QD52YUE_62_1_1_0
 |- Actor Package: /Game/__ExternalActors__/ThirdPerson/Maps/ThirdPersonMap/E/JT/E4POTBB0NE7CKRYY8PDJC5
 |- Actor Path: /Game/ThirdPerson/Maps/ThirdPersonMap.ThirdPersonMap:PersistentLevel.LandscapeStreamingProxy_1L41ZJYDE6JOS84BU7QD52YUE_62_1_2_0
 |- Actor Package: /Game/__ExternalActors__/ThirdPerson/Maps/ThirdPersonMap/2/E5/0LJAGWRCV3T8KN5GLI5AI1
 |- Actor Path: /Game/ThirdPerson/Maps/ThirdPersonMap.ThirdPersonMap:PersistentLevel.LandscapeStreamingProxy_1L41ZJYDE6JOS84BU7QD52YUE_62_1_3_0
 |- Actor Package: /Game/__ExternalActors__/ThirdPerson/Maps/ThirdPersonMap/B/DZ/3DPI6K45P3TFWFZ2UKZBME
 |- Actor Path: /Game/ThirdPerson/Maps/ThirdPersonMap.ThirdPersonMap:PersistentLevel.LandscapeStreamingProxy_1L41ZJYDE6JOS84BU7QD52YUE_62_2_0_0
 |- Actor Package: /Game/__ExternalActors__/ThirdPerson/Maps/ThirdPersonMap/7/IB/GZVCETKOMPLU0LKI2G6S5P
 |- Actor Path: /Game/ThirdPerson/Maps/ThirdPersonMap.ThirdPersonMap:PersistentLevel.LandscapeStreamingProxy_1L41ZJYDE6JOS84BU7QD52YUE_62_2_1_0
 |- Actor Package: /Game/__ExternalActors__/ThirdPerson/Maps/ThirdPersonMap/7/N3/UXNA9LD4S50R342VYVZFH5
 |- Actor Path: /Game/ThirdPerson/Maps/ThirdPersonMap.ThirdPersonMap:PersistentLevel.LandscapeStreamingProxy_1L41ZJYDE6JOS84BU7QD52YUE_62_2_2_0
 |- Actor Package: /Game/__ExternalActors__/ThirdPerson/Maps/ThirdPersonMap/0/E6/5PO1JVT95IXSP7VU2C4VHF
 |- Actor Path: /Game/ThirdPerson/Maps/ThirdPersonMap.ThirdPersonMap:PersistentLevel.LandscapeStreamingProxy_1L41ZJYDE6JOS84BU7QD52YUE_62_2_3_0
 |- Actor Package: /Game/__ExternalActors__/ThirdPerson/Maps/ThirdPersonMap/C/DA/1LEKFTVLY2ILZ5XDIOO2YB
 |- Actor Path: /Game/ThirdPerson/Maps/ThirdPersonMap.ThirdPersonMap:PersistentLevel.LandscapeStreamingProxy_1L41ZJYDE6JOS84BU7QD52YUE_62_3_0_0
 |- Actor Package: /Game/__ExternalActors__/ThirdPerson/Maps/ThirdPersonMap/9/RN/NMQ5SQWDK7AB36FK9ERJP3
 |- Actor Path: /Game/ThirdPerson/Maps/ThirdPersonMap.ThirdPersonMap:PersistentLevel.LandscapeStreamingProxy_1L41ZJYDE6JOS84BU7QD52YUE_62_3_1_0
 |- Actor Package: /Game/__ExternalActors__/ThirdPerson/Maps/ThirdPersonMap/E/39/HAKPIMHG13IBB8HPQ29J8R
 |- Actor Path: /Game/ThirdPerson/Maps/ThirdPersonMap.ThirdPersonMap:PersistentLevel.LandscapeStreamingProxy_1L41ZJYDE6JOS84BU7QD52YUE_62_3_2_0
 |- Actor Package: /Game/__ExternalActors__/ThirdPerson/Maps/ThirdPersonMap/E/AP/CE3XHP4BTK5287KJB6UKA6
 |- Actor Path: /Game/ThirdPerson/Maps/ThirdPersonMap.ThirdPersonMap:PersistentLevel.LandscapeStreamingProxy_1L41ZJYDE6JOS84BU7QD52YUE_62_3_3_0
 |- Actor Package: /Game/__ExternalActors__/ThirdPerson/Maps/ThirdPersonMap/7/HG/GAO1MUU65MYEZX1O25JEP7
 |- Actor Path: /Game/ThirdPerson/Maps/ThirdPersonMap.ThirdPersonMap:PersistentLevel.PlayerStart_0
 |- Actor Package: /Game/__ExternalActors__/ThirdPerson/Maps/ThirdPersonMap/D/DE/SWSI13675DVYIZ0N4NF7Y3
 |- Actor Path: /Game/ThirdPerson/Maps/ThirdPersonMap.ThirdPersonMap:PersistentLevel.SkyLight_1
 |- Actor Package: /Game/__ExternalActors__/ThirdPerson/Maps/ThirdPersonMap/8/S1/DXUWD12MD3HRWVVXX076BY
 |- Actor Path: /Game/ThirdPerson/Maps/ThirdPersonMap.ThirdPersonMap:PersistentLevel.SpotLight_UAID_18C04D99E33B38F601_1665391817
 |- Actor Package: /Game/__ExternalActors__/ThirdPerson/Maps/ThirdPersonMap/1/D2/0GOJOHNP5XNECY7GUEALEG
 |- Actor Path: /Game/ThirdPerson/Maps/ThirdPersonMap.ThirdPersonMap:PersistentLevel.SpotLight_UAID_18C04D99E33B3AF601_1172128170
 |- Actor Package: /Game/__ExternalActors__/ThirdPerson/Maps/ThirdPersonMap/1/8Q/3F1P3NNJU3FXCL2X04UPQM
 |- Actor Path: /Game/ThirdPerson/Maps/ThirdPersonMap.ThirdPersonMap:PersistentLevel.SpotLight_UAID_18C04D99E33B3AF601_1216223171
 |- Actor Package: /Game/__ExternalActors__/ThirdPerson/Maps/ThirdPersonMap/5/IX/WP2CD48MNH9KMDQXZFWK9D
 |- Actor Path: /Game/ThirdPerson/Maps/ThirdPersonMap.ThirdPersonMap:PersistentLevel.SpotLight_UAID_18C04D99E33B3AF601_1242776172
 |- Actor Package: /Game/__ExternalActors__/ThirdPerson/Maps/ThirdPersonMap/5/KU/EVKLPDY8VGE6TA4KA5EG5K
 |- Actor Path: /Game/ThirdPerson/Maps/ThirdPersonMap.ThirdPersonMap:PersistentLevel.SpotLight_UAID_18C04D99E33B3AF601_1266220173
 |- Actor Package: /Game/__ExternalActors__/ThirdPerson/Maps/ThirdPersonMap/0/H4/KQDDBYVNDUKLJ8JKU4W9IW
 |- Actor Path: /Game/ThirdPerson/Maps/ThirdPersonMap.ThirdPersonMap:PersistentLevel.SpotLight_UAID_18C04D99E33B3AF601_1296385174
 |- Actor Package: /Game/__ExternalActors__/ThirdPerson/Maps/ThirdPersonMap/9/KI/5HU8BGH44B504LFWQF8YTT
 |- Actor Path: /Game/ThirdPerson/Maps/ThirdPersonMap.ThirdPersonMap:PersistentLevel.StaticMeshActor_UAID_18C04D99E33B38F601_1099190811
 |- Actor Package: /Game/__ExternalActors__/ThirdPerson/Maps/ThirdPersonMap/9/6I/ALUQY9VGT9ZJXT8FGD2BES
 |- Actor Path: /Game/ThirdPerson/Maps/ThirdPersonMap.ThirdPersonMap:PersistentLevel.StaticMeshActor_UAID_18C04D99E33B38F601_1127137812
 |- Actor Package: /Game/__ExternalActors__/ThirdPerson/Maps/ThirdPersonMap/1/KV/N9LY6OJE88ZRH0SA604T6K
 |- Actor Path: /Game/ThirdPerson/Maps/ThirdPersonMap.ThirdPersonMap:PersistentLevel.StaticMeshActor_UAID_18C04D99E33B38F601_1131636813
 |- Actor Package: /Game/__ExternalActors__/ThirdPerson/Maps/ThirdPersonMap/8/I9/LGFUA92FC3N9W6ND6J6YTR
 |- Actor Path: /Game/ThirdPerson/Maps/ThirdPersonMap.ThirdPersonMap:PersistentLevel.StaticMeshActor_UAID_18C04D99E33B38F601_1133660814
 |- Actor Package: /Game/__ExternalActors__/ThirdPerson/Maps/ThirdPersonMap/3/PF/8LLN7JRH4DFI189CTDTKDT
 |- Actor Path: /Game/ThirdPerson/Maps/ThirdPersonMap.ThirdPersonMap:PersistentLevel.StaticMeshActor_UAID_18C04D99E33B38F601_1135936815
 |- Actor Package: /Game/__ExternalActors__/ThirdPerson/Maps/ThirdPersonMap/3/SO/WUN4X17XF1KDNGCQ6A7CBC
 |- Actor Path: /Game/ThirdPerson/Maps/ThirdPersonMap.ThirdPersonMap:PersistentLevel.StaticMeshActor_UAID_18C04D99E33B38F601_1138684816
 |- Actor Package: /Game/__ExternalActors__/ThirdPerson/Maps/ThirdPersonMap/1/CV/O1HBMQP1K9BDGVNGWZECPB
 |- Actor Path: /Game/ThirdPerson/Maps/ThirdPersonMap.ThirdPersonMap:PersistentLevel.StaticMeshActor_UAID_A4AE111137DC5EFB00_1110535423
 |- Actor Package: /Game/__ExternalActors__/ThirdPerson/Maps/ThirdPersonMap/4/PN/2QISIGK5DJNQ05US8O8FXW
 |- Actor Path: /Game/ThirdPerson/Maps/ThirdPersonMap.ThirdPersonMap:PersistentLevel.WorldDataLayers
 |- Actor Package: /Game/__ExternalActors__/ThirdPerson/Maps/ThirdPersonMap/0/43/HYQWORMY4JDQ5X3OKZXFLC

----------------------------------------------------------------------------------------------------------------
ThirdPersonMap - Runtime Hash Set
----------------------------------------------------------------------------------------------------------------

