[+] Containers:
 |- [+] Container: /Game/ThirdPerson/Maps/ThirdPersonMap
 |   |- [+] ActorDescs:
 |   |   |- Guid:0E4F262241AE3A25EAD5EA908F3E8A3E BaseClass: NativeClass:/Script/Engine.StaticMeshActor Name:StaticMeshActor_UAID_18C04D99E33B38F601_1135936815 Label:SM_LampPost02_5 SpatiallyLoaded:1 Bounds:IsValid=true, Min=(X=-11171.466 Y=-17.189 Z=102.128), Max=(X=-10855.021 Y=26.692 Z=421.690) RuntimeGrid:None EditorOnly:0 RuntimeOnly:0 HLODRelevant:1 ListedInSceneOutliner:1 IsMainWorldOnly:0
 |   |   |- Guid:15883C0040E932D6B583909B12D14DB7 BaseClass: NativeClass:/Script/Engine.StaticMeshActor Name:StaticMeshActor_UAID_18C04D99E33B38F601_1131636813 Label:SM_LampPost02_3 SpatiallyLoaded:1 Bounds:IsValid=true, Min=(X=-748.644 Y=-9082.262 Z=100.537), Max=(X=-432.198 Y=-9038.381 Z=420.099) RuntimeGrid:None EditorOnly:0 RuntimeOnly:0 HLODRelevant:1 ListedInSceneOutliner:1 IsMainWorldOnly:0
 |   |   |- Guid:191B8E2E4F9473F9A7B6998D565149F3 BaseClass: NativeClass:/Script/Landscape.LandscapeStreamingProxy Name:LandscapeStreamingProxy_1L41ZJYDE6JOS84BU7QD52YUE_62_0_0_0 Label:LandscapeStreamingProxy_0_0_0 SpatiallyLoaded:1 Bounds:IsValid=true, Min=(X=-12400.000 Y=-12400.000 Z=100.000), Max=(X=-8649.000 Y=-8649.000 Z=100.000) RuntimeGrid:None EditorOnly:0 RuntimeOnly:0 HLODRelevant:1 ListedInSceneOutliner:1 IsMainWorldOnly:0
 |   |   |- Guid:2FB58999456391D349DC0F86DAC136ED BaseClass: NativeClass:/Script/Engine.SkyLight Name:SkyLight_1 Label:SkyLight SpatiallyLoaded:0 Bounds:IsValid=true, Min=(X=0.000 Y=0.000 Z=690.000), Max=(X=0.000 Y=0.000 Z=690.000) RuntimeGrid:None EditorOnly:0 RuntimeOnly:0 HLODRelevant:0 ListedInSceneOutliner:1 IsMainWorldOnly:0 FolderPath:Lighting FolderGuid:963EC3EB4002CCE9759E2EBA541A873A
 |   |   |- Guid:316CF2A6494ACA4C0E4180A87D36AB8F BaseClass: NativeClass:/Script/Engine.ExponentialHeightFog Name:ExponentialHeightFog_0 Label:ExponentialHeightFog SpatiallyLoaded:0 Bounds:IsValid=true, Min=(X=-5600.000 Y=-50.000 Z=-6850.000), Max=(X=-5600.000 Y=-50.000 Z=-6850.000) RuntimeGrid:None EditorOnly:0 RuntimeOnly:0 HLODRelevant:0 ListedInSceneOutliner:1 IsMainWorldOnly:0 FolderPath:Lighting FolderGuid:963EC3EB4002CCE9759E2EBA541A873A
 |   |   |- Guid:3A00AA1C422CE54C0BDB60BAF471BFBB BaseClass: NativeClass:/Script/Engine.PlayerStart Name:PlayerStart_0 Label:PlayerStart SpatiallyLoaded:0 Bounds:IsValid=true, Min=(X=-12060.000 Y=-2505.000 Z=110.013), Max=(X=-11980.000 Y=-2425.000 Z=294.013) RuntimeGrid:None EditorOnly:0 RuntimeOnly:0 HLODRelevant:0 ListedInSceneOutliner:1 IsMainWorldOnly:0
 |   |   |- Guid:3C3559154C5FD61071D4D2B3407B012C BaseClass: NativeClass:/Script/Landscape.LandscapeStreamingProxy Name:LandscapeStreamingProxy_1L41ZJYDE6JOS84BU7QD52YUE_62_0_3_0 Label:LandscapeStreamingProxy_0_3_0 SpatiallyLoaded:1 Bounds:IsValid=true, Min=(X=-12400.000 Y=-1147.000 Z=100.000), Max=(X=-8649.000 Y=2604.000 Z=100.000) RuntimeGrid:None EditorOnly:0 RuntimeOnly:0 HLODRelevant:1 ListedInSceneOutliner:1 IsMainWorldOnly:0
 |   |   |- Guid:458825DD4B551837C302D1959677A615 BaseClass: NativeClass:/Script/Landscape.LandscapeStreamingProxy Name:LandscapeStreamingProxy_1L41ZJYDE6JOS84BU7QD52YUE_62_3_2_0 Label:LandscapeStreamingProxy_3_2_0 SpatiallyLoaded:1 Bounds:IsValid=true, Min=(X=-1147.000 Y=-4898.000 Z=100.000), Max=(X=2604.000 Y=-1147.000 Z=100.000) RuntimeGrid:None EditorOnly:0 RuntimeOnly:0 HLODRelevant:1 ListedInSceneOutliner:1 IsMainWorldOnly:0
 |   |   |- Guid:482C82CA427F04611C7688B4D40A1B38 BaseClass: NativeClass:/Script/Landscape.LandscapeStreamingProxy Name:LandscapeStreamingProxy_1L41ZJYDE6JOS84BU7QD52YUE_62_1_0_0 Label:LandscapeStreamingProxy_1_0_0 SpatiallyLoaded:1 Bounds:IsValid=true, Min=(X=-8649.000 Y=-12400.000 Z=100.000), Max=(X=-4898.000 Y=-8649.000 Z=100.000) RuntimeGrid:None EditorOnly:0 RuntimeOnly:0 HLODRelevant:1 ListedInSceneOutliner:1 IsMainWorldOnly:0
 |   |   |- Guid:495EB1E0438BDC431AD5E8A2BE898C5B BaseClass: NativeClass:/Script/Engine.SpotLight Name:SpotLight_UAID_18C04D99E33B6EF601_1902295300 Label:SpotLight6 SpatiallyLoaded:1 Bounds:IsValid=true, Min=(X=-4805.082 Y=-7170.082 Z=-977.790), Max=(X=-3414.918 Y=-5779.918 Z=412.373) RuntimeGrid:None EditorOnly:0 RuntimeOnly:0 HLODRelevant:0 ListedInSceneOutliner:1 IsMainWorldOnly:0 Parent:7E62246347F4B047369F7A9AA431F7DC
 |   |   |- Guid:4D3BE93F4146AAAC8BBE79999D96D57F BaseClass: NativeClass:/Script/Engine.VolumetricCloud Name:VolumetricCloud_0 Label:VolumetricCloud SpatiallyLoaded:0 Bounds:IsValid=true, Min=(X=0.000 Y=0.000 Z=820.000), Max=(X=0.000 Y=0.000 Z=820.000) RuntimeGrid:None EditorOnly:0 RuntimeOnly:0 HLODRelevant:0 ListedInSceneOutliner:1 IsMainWorldOnly:0 FolderPath:Lighting FolderGuid:963EC3EB4002CCE9759E2EBA541A873A
 |   |   |- Guid:5E257D6E44C0BADE3AA2A0A0543A5A49 BaseClass: NativeClass:/Script/Landscape.LandscapeStreamingProxy Name:LandscapeStreamingProxy_1L41ZJYDE6JOS84BU7QD52YUE_62_1_1_0 Label:LandscapeStreamingProxy_1_1_0 SpatiallyLoaded:1 Bounds:IsValid=true, Min=(X=-8649.000 Y=-8649.000 Z=100.000), Max=(X=-4898.000 Y=-4898.000 Z=100.000) RuntimeGrid:None EditorOnly:0 RuntimeOnly:0 HLODRelevant:1 ListedInSceneOutliner:1 IsMainWorldOnly:0
 |   |   |- Guid:66780C884558AE695CD6C69758E98EBE BaseClass: NativeClass:/Script/Engine.SpotLight Name:SpotLight_UAID_18C04D99E33B6EF601_1815425297 Label:SpotLight3 SpatiallyLoaded:1 Bounds:IsValid=true, Min=(X=-11470.082 Y=-10520.082 Z=-780.164), Max=(X=-10079.918 Y=-9129.918 Z=610.000) RuntimeGrid:None EditorOnly:0 RuntimeOnly:0 HLODRelevant:0 ListedInSceneOutliner:1 IsMainWorldOnly:0 Parent:7B5328AE45D2E2C48588BFAE566C0FA9
 |   |   |- Guid:6ADB4C244FB625D3F59FD5956CAE3288 BaseClass:/Game/ThirdPerson/Blueprints/Coleccionable.Coleccionable_C NativeClass:/Script/Engine.Actor Name:Coleccionable_C_UAID_18C04DD2718186F601_1303240519 Label:Coleccionable SpatiallyLoaded:1 Bounds:IsValid=true, Min=(X=-11709.000 Y=-2617.000 Z=69.000), Max=(X=-11501.000 Y=-2313.000 Z=261.000) RuntimeGrid:None EditorOnly:0 RuntimeOnly:0 HLODRelevant:0 ListedInSceneOutliner:1 IsMainWorldOnly:0
 |   |   |- Guid:6BAF4DDD444C60371492D3919DB42C97 BaseClass: NativeClass:/Script/Engine.WorldDataLayers Name:WorldDataLayers Label:WorldDataLayers SpatiallyLoaded:0 Bounds:IsValid=true, Min=(X=0.000 Y=0.000 Z=0.000), Max=(X=0.000 Y=0.000 Z=0.000) RuntimeGrid:None EditorOnly:0 RuntimeOnly:0 HLODRelevant:0 ListedInSceneOutliner:1 IsMainWorldOnly:1
 |   |   |- Guid:776708594A1076828AE0088E92B1AC9D BaseClass: NativeClass:/Script/Landscape.LandscapeStreamingProxy Name:LandscapeStreamingProxy_1L41ZJYDE6JOS84BU7QD52YUE_62_0_2_0 Label:LandscapeStreamingProxy_0_2_0 SpatiallyLoaded:1 Bounds:IsValid=true, Min=(X=-12400.000 Y=-4898.000 Z=100.000), Max=(X=-8649.000 Y=-1147.000 Z=100.000) RuntimeGrid:None EditorOnly:0 RuntimeOnly:0 HLODRelevant:1 ListedInSceneOutliner:1 IsMainWorldOnly:0
 |   |   |- Guid:7B5328AE45D2E2C48588BFAE566C0FA9 BaseClass: NativeClass:/Script/Engine.StaticMeshActor Name:StaticMeshActor_UAID_18C04D99E33B38F601_1127137812 Label:SM_LampPost02_2 SpatiallyLoaded:1 Bounds:IsValid=true, Min=(X=-9833.747 Y=-9428.647 Z=94.157), Max=(X=-9517.301 Y=-9384.766 Z=413.719) RuntimeGrid:None EditorOnly:0 RuntimeOnly:0 HLODRelevant:1 ListedInSceneOutliner:1 IsMainWorldOnly:0
 |   |   |- Guid:7E62246347F4B047369F7A9AA431F7DC BaseClass: NativeClass:/Script/Engine.StaticMeshActor Name:StaticMeshActor_UAID_18C04D99E33B38F601_1133660814 Label:SM_LampPost02_4 SpatiallyLoaded:1 Bounds:IsValid=true, Min=(X=-4123.345 Y=-6498.760 Z=100.537), Max=(X=-3806.900 Y=-6454.879 Z=420.099) RuntimeGrid:None EditorOnly:0 RuntimeOnly:0 HLODRelevant:1 ListedInSceneOutliner:1 IsMainWorldOnly:0
 |   |   |- Guid:7EADE32642D1843B5D4C85A87BAB308E BaseClass:/Game/ThirdPerson/Blueprints/BP_PatoFinal.BP_PatoFinal_C NativeClass:/Script/Engine.Character Name:BP_PatoFinal_C_UAID_18C04DD2718185F601_1227534348 Label:BP_PatoFinal2 SpatiallyLoaded:1 Bounds:IsValid=true, Min=(X=-6470.000 Y=-8760.000 Z=-17.000), Max=(X=-6150.000 Y=-8440.000 Z=367.052) RuntimeGrid:None EditorOnly:0 RuntimeOnly:0 HLODRelevant:0 ListedInSceneOutliner:1 IsMainWorldOnly:0
 |   |   |- Guid:8176346D4159A6DBF3D7558C6FC7B4F1 BaseClass: NativeClass:/Script/Landscape.LandscapeStreamingProxy Name:LandscapeStreamingProxy_1L41ZJYDE6JOS84BU7QD52YUE_62_1_3_0 Label:LandscapeStreamingProxy_1_3_0 SpatiallyLoaded:1 Bounds:IsValid=true, Min=(X=-8649.000 Y=-1147.000 Z=100.000), Max=(X=-4898.000 Y=2604.000 Z=100.000) RuntimeGrid:None EditorOnly:0 RuntimeOnly:0 HLODRelevant:1 ListedInSceneOutliner:1 IsMainWorldOnly:0
 |   |   |- Guid:830924D84DD696E4EC3ED1B91D8BC3E2 BaseClass: NativeClass:/Script/Engine.PointLight Name:PointLight_UAID_18C04DD2718156F601_2141759083 Label:LuzFaro SpatiallyLoaded:1 Bounds:IsValid=true, Min=(X=287.050 Y=21714.955 Z=-823.757), Max=(X=2287.050 Y=23714.955 Z=1176.243) RuntimeGrid:None EditorOnly:0 RuntimeOnly:0 HLODRelevant:0 ListedInSceneOutliner:1 IsMainWorldOnly:0
 |   |   |- Guid:97E8F0B34612DAAB412C4987BBE7FED5 BaseClass: NativeClass:/Script/Landscape.LandscapeStreamingProxy Name:LandscapeStreamingProxy_1L41ZJYDE6JOS84BU7QD52YUE_62_3_0_0 Label:LandscapeStreamingProxy_3_0_0 SpatiallyLoaded:1 Bounds:IsValid=true, Min=(X=-1147.000 Y=-12400.000 Z=100.000), Max=(X=2604.000 Y=-8649.000 Z=100.000) RuntimeGrid:None EditorOnly:0 RuntimeOnly:0 HLODRelevant:1 ListedInSceneOutliner:1 IsMainWorldOnly:0
 |   |   |- Guid:A03D2EEF4889CB5EDE29D7A4A8ABF3C9 BaseClass: NativeClass:/Script/Landscape.Landscape Name:Landscape_UAID_18C04D99E33B05F601_1597106815 Label:Landscape SpatiallyLoaded:0 Bounds:IsValid=true, Min=(X=-12400.000 Y=-12400.000 Z=100.000), Max=(X=-12400.000 Y=-12400.000 Z=100.000) RuntimeGrid:None EditorOnly:0 RuntimeOnly:0 HLODRelevant:0 ListedInSceneOutliner:1 IsMainWorldOnly:0
 |   |   |- Guid:A4A0E5734872019D5C891C85F0E3C5B0 BaseClass:/Game/ThirdPerson/Blueprints/BP_PatoFinal.BP_PatoFinal_C NativeClass:/Script/Engine.Character Name:BP_PatoFinal_C_UAID_18C04DD2718185F601_1246650351 Label:BP_PatoFinal5 SpatiallyLoaded:1 Bounds:IsValid=true, Min=(X=-5905.000 Y=-4140.000 Z=-22.000), Max=(X=-5585.000 Y=-3820.000 Z=362.052) RuntimeGrid:None EditorOnly:0 RuntimeOnly:0 HLODRelevant:0 ListedInSceneOutliner:1 IsMainWorldOnly:0
 |   |   |- Guid:A6FE20134E3B4AC4AABC0083CEDA008A BaseClass: NativeClass:/Script/Engine.TriggerBox Name:TriggerBox_UAID_18C04DD2718157F601_1099290260 Label:HealZone SpatiallyLoaded:1 Bounds:IsValid=true, Min=(X=-11287.026 Y=-137.881 Z=78.399), Max=(X=-10967.026 Y=167.119 Z=158.399) RuntimeGrid:None EditorOnly:0 RuntimeOnly:0 HLODRelevant:0 ListedInSceneOutliner:1 IsMainWorldOnly:0
 |   |   |- Guid:A87DF9C043A25A3AC07FE3AEBF8C96F9 BaseClass:/Game/ThirdPerson/Blueprints/BP_PatoFinal.BP_PatoFinal_C NativeClass:/Script/Engine.Character Name:BP_PatoFinal_C_UAID_18C04DD2718185F601_1236093349 Label:BP_PatoFinal3 SpatiallyLoaded:1 Bounds:IsValid=true, Min=(X=-790.000 Y=-5510.000 Z=-17.000), Max=(X=-470.000 Y=-5190.000 Z=367.052) RuntimeGrid:None EditorOnly:0 RuntimeOnly:0 HLODRelevant:0 ListedInSceneOutliner:1 IsMainWorldOnly:0
 |   |   |- Guid:AAB47A7F4537235EE254899257027F1A BaseClass: NativeClass:/Script/NavigationSystem.RecastNavMesh Name:RecastNavMesh_UAID_18C04DD2718163F501-Default Label:RecastNavMesh-Default SpatiallyLoaded:0 Bounds:IsValid=true, Min=(X=0.000 Y=0.000 Z=0.000), Max=(X=0.000 Y=0.000 Z=0.000) RuntimeGrid:None EditorOnly:0 RuntimeOnly:0 HLODRelevant:0 ListedInSceneOutliner:1 IsMainWorldOnly:0
 |   |   |- Guid:ADBAF0EB4D77E273FE5825AF14CABD23 BaseClass:/Game/ThirdPerson/Blueprints/BP_PatoFinal.BP_PatoFinal_C NativeClass:/Script/Engine.Character Name:BP_PatoFinal_C_UAID_18C04DD2718185F601_1241638350 Label:BP_PatoFinal4 SpatiallyLoaded:1 Bounds:IsValid=true, Min=(X=-2510.000 Y=-535.000 Z=-17.000), Max=(X=-2190.000 Y=-215.000 Z=367.052) RuntimeGrid:None EditorOnly:0 RuntimeOnly:0 HLODRelevant:0 ListedInSceneOutliner:1 IsMainWorldOnly:0
 |   |   |- Guid:B303015B4C9DEC7D8D2B77BE4AC3D6F1 BaseClass: NativeClass:/Script/Engine.SpotLight Name:SpotLight_UAID_18C04D99E33B6EF601_1849869298 Label:SpotLight4 SpatiallyLoaded:1 Bounds:IsValid=true, Min=(X=-1435.082 Y=-9750.082 Z=-983.790), Max=(X=-44.918 Y=-8359.918 Z=406.373) RuntimeGrid:None EditorOnly:0 RuntimeOnly:0 HLODRelevant:0 ListedInSceneOutliner:1 IsMainWorldOnly:0 Parent:15883C0040E932D6B583909B12D14DB7
 |   |   |- Guid:B41905464D99F153AD3EB69C728F3479 BaseClass: NativeClass:/Script/Engine.StaticMeshActor Name:StaticMeshActor_UAID_18C04D99E33B38F601_1099190811 Label:SM_LampPost02_1 SpatiallyLoaded:1 Bounds:IsValid=true, Min=(X=-7884.539 Y=-2202.001 Z=99.604), Max=(X=-7568.093 Y=-2158.120 Z=419.166) RuntimeGrid:None EditorOnly:0 RuntimeOnly:0 HLODRelevant:1 ListedInSceneOutliner:1 IsMainWorldOnly:0
 |   |   |- Guid:B785ED2844B84CFB91E7F39FE661CD99 BaseClass: NativeClass:/Script/Engine.DirectionalLight Name:DirectionalLight_0 Label:DirectionalLight SpatiallyLoaded:0 Bounds:Invalid RuntimeGrid:None EditorOnly:0 RuntimeOnly:0 HLODRelevant:0 ListedInSceneOutliner:1 IsMainWorldOnly:0 FolderPath:Lighting FolderGuid:963EC3EB4002CCE9759E2EBA541A873A
 |   |   |- Guid:BA44CED54B54218D506AF69A0757BFAB BaseClass: NativeClass:/Script/Engine.SpotLight Name:SpotLight_UAID_18C04D99E33B6EF601_1880187299 Label:SpotLight5 SpatiallyLoaded:1 Bounds:IsValid=true, Min=(X=-1810.082 Y=-1935.082 Z=-977.666), Max=(X=-419.918 Y=-544.918 Z=412.497) RuntimeGrid:None EditorOnly:0 RuntimeOnly:0 HLODRelevant:0 ListedInSceneOutliner:1 IsMainWorldOnly:0 Parent:FD7DB4794D500690DAAB2AAF9AA4DB28
 |   |   |- Guid:BD16F076455C6210534D708AA057D626 BaseClass: NativeClass:/Script/Landscape.LandscapeStreamingProxy Name:LandscapeStreamingProxy_1L41ZJYDE6JOS84BU7QD52YUE_62_2_2_0 Label:LandscapeStreamingProxy_2_2_0 SpatiallyLoaded:1 Bounds:IsValid=true, Min=(X=-4898.000 Y=-4898.000 Z=100.000), Max=(X=-1147.000 Y=-1147.000 Z=100.000) RuntimeGrid:None EditorOnly:0 RuntimeOnly:0 HLODRelevant:1 ListedInSceneOutliner:1 IsMainWorldOnly:0
 |   |   |- Guid:BE39A6B147FCB5625D68CE9418FB5E97 BaseClass: NativeClass:/Script/Landscape.LandscapeStreamingProxy Name:LandscapeStreamingProxy_1L41ZJYDE6JOS84BU7QD52YUE_62_3_1_0 Label:LandscapeStreamingProxy_3_1_0 SpatiallyLoaded:1 Bounds:IsValid=true, Min=(X=-1147.000 Y=-8649.000 Z=100.000), Max=(X=2604.000 Y=-4898.000 Z=100.000) RuntimeGrid:None EditorOnly:0 RuntimeOnly:0 HLODRelevant:1 ListedInSceneOutliner:1 IsMainWorldOnly:0
 |   |   |- Guid:C36851594BA078539CA26BB94D94D068 BaseClass: NativeClass:/Script/Landscape.LandscapeStreamingProxy Name:LandscapeStreamingProxy_1L41ZJYDE6JOS84BU7QD52YUE_62_0_1_0 Label:LandscapeStreamingProxy_0_1_0 SpatiallyLoaded:1 Bounds:IsValid=true, Min=(X=-12400.000 Y=-8649.000 Z=100.000), Max=(X=-8649.000 Y=-4898.000 Z=100.000) RuntimeGrid:None EditorOnly:0 RuntimeOnly:0 HLODRelevant:1 ListedInSceneOutliner:1 IsMainWorldOnly:0
 |   |   |- Guid:CCFF262C46EEFFDF319E7F9539CE697E BaseClass: NativeClass:/Script/Engine.SkyAtmosphere Name:SkyAtmosphere_0 Label:SkyAtmosphere SpatiallyLoaded:0 Bounds:IsValid=true, Min=(X=0.000 Y=0.000 Z=1020.000), Max=(X=0.000 Y=0.000 Z=1020.000) RuntimeGrid:None EditorOnly:0 RuntimeOnly:0 HLODRelevant:0 ListedInSceneOutliner:1 IsMainWorldOnly:0 FolderPath:Lighting FolderGuid:963EC3EB4002CCE9759E2EBA541A873A
 |   |   |- Guid:D008D63B4CFB45CAF0E285AEFB59DAE6 BaseClass: NativeClass:/Script/NavigationSystem.NavMeshBoundsVolume Name:NavMeshBoundsVolume_UAID_18C04D99E33B83F601_1311498992 Label:NavMeshBoundsVolume2 SpatiallyLoaded:0 Bounds:IsValid=true, Min=(X=-15890.000 Y=-14065.000 Z=-1205.000), Max=(X=8160.000 Y=9285.000 Z=195.000) RuntimeGrid:None EditorOnly:0 RuntimeOnly:0 HLODRelevant:0 ListedInSceneOutliner:1 IsMainWorldOnly:0
 |   |   |- Guid:D7F3558548CB38424C3D70B0D8A17C9F BaseClass: NativeClass:/Script/Landscape.LandscapeStreamingProxy Name:LandscapeStreamingProxy_1L41ZJYDE6JOS84BU7QD52YUE_62_2_1_0 Label:LandscapeStreamingProxy_2_1_0 SpatiallyLoaded:1 Bounds:IsValid=true, Min=(X=-4898.000 Y=-8649.000 Z=100.000), Max=(X=-1147.000 Y=-4898.000 Z=100.000) RuntimeGrid:None EditorOnly:0 RuntimeOnly:0 HLODRelevant:1 ListedInSceneOutliner:1 IsMainWorldOnly:0
 |   |   |- Guid:DF4EFF2241B9E994E12C928F16EB3BDD BaseClass: NativeClass:/Script/Engine.SpotLight Name:SpotLight_UAID_18C04D99E33B6EF601_1718304295 Label:SpotLight SpatiallyLoaded:1 Bounds:IsValid=true, Min=(X=-11840.082 Y=-690.082 Z=-977.154), Max=(X=-10449.918 Y=700.082 Z=413.010) RuntimeGrid:None EditorOnly:0 RuntimeOnly:0 HLODRelevant:0 ListedInSceneOutliner:1 IsMainWorldOnly:0 Parent:0E4F262241AE3A25EAD5EA908F3E8A3E
 |   |   |- Guid:E52FADDB4403622D171F3E929CFC5354 BaseClass:/Game/ThirdPerson/Blueprints/BP_PatoFinal.BP_PatoFinal_C NativeClass:/Script/Engine.Character Name:BP_PatoFinal_C_UAID_18C04D99E33B83F601_1224675991 Label:BP_PatoFinal SpatiallyLoaded:1 Bounds:IsValid=true, Min=(X=-10210.000 Y=475.000 Z=-17.000), Max=(X=-9890.000 Y=795.000 Z=367.052) RuntimeGrid:None EditorOnly:0 RuntimeOnly:0 HLODRelevant:0 ListedInSceneOutliner:1 IsMainWorldOnly:0
 |   |   |- Guid:E5F730A74B95740CD25438BCBCC56C2F BaseClass: NativeClass:/Script/Landscape.LandscapeStreamingProxy Name:LandscapeStreamingProxy_1L41ZJYDE6JOS84BU7QD52YUE_62_2_0_0 Label:LandscapeStreamingProxy_2_0_0 SpatiallyLoaded:1 Bounds:IsValid=true, Min=(X=-4898.000 Y=-12400.000 Z=100.000), Max=(X=-1147.000 Y=-8649.000 Z=100.000) RuntimeGrid:None EditorOnly:0 RuntimeOnly:0 HLODRelevant:1 ListedInSceneOutliner:1 IsMainWorldOnly:0
 |   |   |- Guid:E667A28F4DA92A5907389BB11434AEE8 BaseClass: NativeClass:/Script/Engine.TriggerBox Name:TriggerBox_UAID_18C04DD2718186F601_2092314521 Label:HealZone2 SpatiallyLoaded:1 Bounds:IsValid=true, Min=(X=-8007.026 Y=-2317.881 Z=78.399), Max=(X=-7687.026 Y=-2012.881 Z=158.399) RuntimeGrid:None EditorOnly:0 RuntimeOnly:0 HLODRelevant:0 ListedInSceneOutliner:1 IsMainWorldOnly:0
 |   |   |- Guid:EF907ADB4565A628D9D6CE8C5F6A4029 BaseClass: NativeClass:/Script/Landscape.LandscapeStreamingProxy Name:LandscapeStreamingProxy_1L41ZJYDE6JOS84BU7QD52YUE_62_3_3_0 Label:LandscapeStreamingProxy_3_3_0 SpatiallyLoaded:1 Bounds:IsValid=true, Min=(X=-1147.000 Y=-1147.000 Z=100.000), Max=(X=2604.000 Y=2604.000 Z=100.000) RuntimeGrid:None EditorOnly:0 RuntimeOnly:0 HLODRelevant:1 ListedInSceneOutliner:1 IsMainWorldOnly:0
 |   |   |- Guid:F3C5364B4924A814A7AEA68C760B2AD6 BaseClass: NativeClass:/Script/Landscape.LandscapeStreamingProxy Name:LandscapeStreamingProxy_1L41ZJYDE6JOS84BU7QD52YUE_62_2_3_0 Label:LandscapeStreamingProxy_2_3_0 SpatiallyLoaded:1 Bounds:IsValid=true, Min=(X=-4898.000 Y=-1147.000 Z=100.000), Max=(X=-1147.000 Y=2604.000 Z=100.000) RuntimeGrid:None EditorOnly:0 RuntimeOnly:0 HLODRelevant:1 ListedInSceneOutliner:1 IsMainWorldOnly:0
 |   |   |- Guid:F7D65089466E81B507B519A0870932D5 BaseClass: NativeClass:/Script/Landscape.LandscapeStreamingProxy Name:LandscapeStreamingProxy_1L41ZJYDE6JOS84BU7QD52YUE_62_1_2_0 Label:LandscapeStreamingProxy_1_2_0 SpatiallyLoaded:1 Bounds:IsValid=true, Min=(X=-8649.000 Y=-4898.000 Z=100.000), Max=(X=-4898.000 Y=-1147.000 Z=100.000) RuntimeGrid:None EditorOnly:0 RuntimeOnly:0 HLODRelevant:1 ListedInSceneOutliner:1 IsMainWorldOnly:0
 |   |   |- Guid:FD7DB4794D500690DAAB2AAF9AA4DB28 BaseClass: NativeClass:/Script/Engine.StaticMeshActor Name:StaticMeshActor_UAID_18C04D99E33B38F601_1138684816 Label:SM_LampPost02_6 SpatiallyLoaded:1 Bounds:IsValid=true, Min=(X=-1122.045 Y=-1251.891 Z=100.847), Max=(X=-805.599 Y=-1208.010 Z=420.409) RuntimeGrid:None EditorOnly:0 RuntimeOnly:0 HLODRelevant:1 ListedInSceneOutliner:1 IsMainWorldOnly:0
 |   |   |- Guid:FEA3DFD74F016007B15DA7B47A1D4C86 BaseClass: NativeClass:/Script/Engine.SpotLight Name:SpotLight_UAID_18C04DD2718186F601_2092332523 Label:SpotLight7 SpatiallyLoaded:1 Bounds:IsValid=true, Min=(X=-8560.082 Y=-2870.082 Z=-977.154), Max=(X=-7169.918 Y=-1479.918 Z=413.010) RuntimeGrid:None EditorOnly:0 RuntimeOnly:0 HLODRelevant:0 ListedInSceneOutliner:1 IsMainWorldOnly:0 Parent:0E4F262241AE3A25EAD5EA908F3E8A3E
 |   |- [+] Clusters:
 |   |   |- [+] [  0]
 |   |   |   |- Guid:0E4F262241AE3A25EAD5EA908F3E8A3E BaseClass: NativeClass:/Script/Engine.StaticMeshActor Name:StaticMeshActor_UAID_18C04D99E33B38F601_1135936815 Label:SM_LampPost02_5 SpatiallyLoaded:1 Bounds:IsValid=true, Min=(X=-11171.466 Y=-17.189 Z=102.128), Max=(X=-10855.021 Y=26.692 Z=421.690) RuntimeGrid:None EditorOnly:0 RuntimeOnly:0 HLODRelevant:1 ListedInSceneOutliner:1 IsMainWorldOnly:0
 |   |   |   |- Guid:DF4EFF2241B9E994E12C928F16EB3BDD BaseClass: NativeClass:/Script/Engine.SpotLight Name:SpotLight_UAID_18C04D99E33B6EF601_1718304295 Label:SpotLight SpatiallyLoaded:1 Bounds:IsValid=true, Min=(X=-11840.082 Y=-690.082 Z=-977.154), Max=(X=-10449.918 Y=700.082 Z=413.010) RuntimeGrid:None EditorOnly:0 RuntimeOnly:0 HLODRelevant:0 ListedInSceneOutliner:1 IsMainWorldOnly:0 Parent:0E4F262241AE3A25EAD5EA908F3E8A3E
 |   |   |   |- Guid:FEA3DFD74F016007B15DA7B47A1D4C86 BaseClass: NativeClass:/Script/Engine.SpotLight Name:SpotLight_UAID_18C04DD2718186F601_2092332523 Label:SpotLight7 SpatiallyLoaded:1 Bounds:IsValid=true, Min=(X=-8560.082 Y=-2870.082 Z=-977.154), Max=(X=-7169.918 Y=-1479.918 Z=413.010) RuntimeGrid:None EditorOnly:0 RuntimeOnly:0 HLODRelevant:0 ListedInSceneOutliner:1 IsMainWorldOnly:0 Parent:0E4F262241AE3A25EAD5EA908F3E8A3E
 |   |   |- [+] [  1]
 |   |   |   |- Guid:15883C0040E932D6B583909B12D14DB7 BaseClass: NativeClass:/Script/Engine.StaticMeshActor Name:StaticMeshActor_UAID_18C04D99E33B38F601_1131636813 Label:SM_LampPost02_3 SpatiallyLoaded:1 Bounds:IsValid=true, Min=(X=-748.644 Y=-9082.262 Z=100.537), Max=(X=-432.198 Y=-9038.381 Z=420.099) RuntimeGrid:None EditorOnly:0 RuntimeOnly:0 HLODRelevant:1 ListedInSceneOutliner:1 IsMainWorldOnly:0
 |   |   |   |- Guid:B303015B4C9DEC7D8D2B77BE4AC3D6F1 BaseClass: NativeClass:/Script/Engine.SpotLight Name:SpotLight_UAID_18C04D99E33B6EF601_1849869298 Label:SpotLight4 SpatiallyLoaded:1 Bounds:IsValid=true, Min=(X=-1435.082 Y=-9750.082 Z=-983.790), Max=(X=-44.918 Y=-8359.918 Z=406.373) RuntimeGrid:None EditorOnly:0 RuntimeOnly:0 HLODRelevant:0 ListedInSceneOutliner:1 IsMainWorldOnly:0 Parent:15883C0040E932D6B583909B12D14DB7
 |   |   |- [+] [  2]
 |   |   |   |- Guid:191B8E2E4F9473F9A7B6998D565149F3 BaseClass: NativeClass:/Script/Landscape.LandscapeStreamingProxy Name:LandscapeStreamingProxy_1L41ZJYDE6JOS84BU7QD52YUE_62_0_0_0 Label:LandscapeStreamingProxy_0_0_0 SpatiallyLoaded:1 Bounds:IsValid=true, Min=(X=-12400.000 Y=-12400.000 Z=100.000), Max=(X=-8649.000 Y=-8649.000 Z=100.000) RuntimeGrid:None EditorOnly:0 RuntimeOnly:0 HLODRelevant:1 ListedInSceneOutliner:1 IsMainWorldOnly:0
 |   |   |- [+] [  3]
 |   |   |   |- Guid:2FB58999456391D349DC0F86DAC136ED BaseClass: NativeClass:/Script/Engine.SkyLight Name:SkyLight_1 Label:SkyLight SpatiallyLoaded:0 Bounds:IsValid=true, Min=(X=0.000 Y=0.000 Z=690.000), Max=(X=0.000 Y=0.000 Z=690.000) RuntimeGrid:None EditorOnly:0 RuntimeOnly:0 HLODRelevant:0 ListedInSceneOutliner:1 IsMainWorldOnly:0 FolderPath:Lighting FolderGuid:963EC3EB4002CCE9759E2EBA541A873A
 |   |   |- [+] [  4]
 |   |   |   |- Guid:316CF2A6494ACA4C0E4180A87D36AB8F BaseClass: NativeClass:/Script/Engine.ExponentialHeightFog Name:ExponentialHeightFog_0 Label:ExponentialHeightFog SpatiallyLoaded:0 Bounds:IsValid=true, Min=(X=-5600.000 Y=-50.000 Z=-6850.000), Max=(X=-5600.000 Y=-50.000 Z=-6850.000) RuntimeGrid:None EditorOnly:0 RuntimeOnly:0 HLODRelevant:0 ListedInSceneOutliner:1 IsMainWorldOnly:0 FolderPath:Lighting FolderGuid:963EC3EB4002CCE9759E2EBA541A873A
 |   |   |- [+] [  5]
 |   |   |   |- Guid:3A00AA1C422CE54C0BDB60BAF471BFBB BaseClass: NativeClass:/Script/Engine.PlayerStart Name:PlayerStart_0 Label:PlayerStart SpatiallyLoaded:0 Bounds:IsValid=true, Min=(X=-12060.000 Y=-2505.000 Z=110.013), Max=(X=-11980.000 Y=-2425.000 Z=294.013) RuntimeGrid:None EditorOnly:0 RuntimeOnly:0 HLODRelevant:0 ListedInSceneOutliner:1 IsMainWorldOnly:0
 |   |   |- [+] [  6]
 |   |   |   |- Guid:3C3559154C5FD61071D4D2B3407B012C BaseClass: NativeClass:/Script/Landscape.LandscapeStreamingProxy Name:LandscapeStreamingProxy_1L41ZJYDE6JOS84BU7QD52YUE_62_0_3_0 Label:LandscapeStreamingProxy_0_3_0 SpatiallyLoaded:1 Bounds:IsValid=true, Min=(X=-12400.000 Y=-1147.000 Z=100.000), Max=(X=-8649.000 Y=2604.000 Z=100.000) RuntimeGrid:None EditorOnly:0 RuntimeOnly:0 HLODRelevant:1 ListedInSceneOutliner:1 IsMainWorldOnly:0
 |   |   |- [+] [  7]
 |   |   |   |- Guid:458825DD4B551837C302D1959677A615 BaseClass: NativeClass:/Script/Landscape.LandscapeStreamingProxy Name:LandscapeStreamingProxy_1L41ZJYDE6JOS84BU7QD52YUE_62_3_2_0 Label:LandscapeStreamingProxy_3_2_0 SpatiallyLoaded:1 Bounds:IsValid=true, Min=(X=-1147.000 Y=-4898.000 Z=100.000), Max=(X=2604.000 Y=-1147.000 Z=100.000) RuntimeGrid:None EditorOnly:0 RuntimeOnly:0 HLODRelevant:1 ListedInSceneOutliner:1 IsMainWorldOnly:0
 |   |   |- [+] [  8]
 |   |   |   |- Guid:482C82CA427F04611C7688B4D40A1B38 BaseClass: NativeClass:/Script/Landscape.LandscapeStreamingProxy Name:LandscapeStreamingProxy_1L41ZJYDE6JOS84BU7QD52YUE_62_1_0_0 Label:LandscapeStreamingProxy_1_0_0 SpatiallyLoaded:1 Bounds:IsValid=true, Min=(X=-8649.000 Y=-12400.000 Z=100.000), Max=(X=-4898.000 Y=-8649.000 Z=100.000) RuntimeGrid:None EditorOnly:0 RuntimeOnly:0 HLODRelevant:1 ListedInSceneOutliner:1 IsMainWorldOnly:0
 |   |   |- [+] [  9]
 |   |   |   |- Guid:495EB1E0438BDC431AD5E8A2BE898C5B BaseClass: NativeClass:/Script/Engine.SpotLight Name:SpotLight_UAID_18C04D99E33B6EF601_1902295300 Label:SpotLight6 SpatiallyLoaded:1 Bounds:IsValid=true, Min=(X=-4805.082 Y=-7170.082 Z=-977.790), Max=(X=-3414.918 Y=-5779.918 Z=412.373) RuntimeGrid:None EditorOnly:0 RuntimeOnly:0 HLODRelevant:0 ListedInSceneOutliner:1 IsMainWorldOnly:0 Parent:7E62246347F4B047369F7A9AA431F7DC
 |   |   |   |- Guid:7E62246347F4B047369F7A9AA431F7DC BaseClass: NativeClass:/Script/Engine.StaticMeshActor Name:StaticMeshActor_UAID_18C04D99E33B38F601_1133660814 Label:SM_LampPost02_4 SpatiallyLoaded:1 Bounds:IsValid=true, Min=(X=-4123.345 Y=-6498.760 Z=100.537), Max=(X=-3806.900 Y=-6454.879 Z=420.099) RuntimeGrid:None EditorOnly:0 RuntimeOnly:0 HLODRelevant:1 ListedInSceneOutliner:1 IsMainWorldOnly:0
 |   |   |- [+] [ 10]
 |   |   |   |- Guid:4D3BE93F4146AAAC8BBE79999D96D57F BaseClass: NativeClass:/Script/Engine.VolumetricCloud Name:VolumetricCloud_0 Label:VolumetricCloud SpatiallyLoaded:0 Bounds:IsValid=true, Min=(X=0.000 Y=0.000 Z=820.000), Max=(X=0.000 Y=0.000 Z=820.000) RuntimeGrid:None EditorOnly:0 RuntimeOnly:0 HLODRelevant:0 ListedInSceneOutliner:1 IsMainWorldOnly:0 FolderPath:Lighting FolderGuid:963EC3EB4002CCE9759E2EBA541A873A
 |   |   |- [+] [ 11]
 |   |   |   |- Guid:5E257D6E44C0BADE3AA2A0A0543A5A49 BaseClass: NativeClass:/Script/Landscape.LandscapeStreamingProxy Name:LandscapeStreamingProxy_1L41ZJYDE6JOS84BU7QD52YUE_62_1_1_0 Label:LandscapeStreamingProxy_1_1_0 SpatiallyLoaded:1 Bounds:IsValid=true, Min=(X=-8649.000 Y=-8649.000 Z=100.000), Max=(X=-4898.000 Y=-4898.000 Z=100.000) RuntimeGrid:None EditorOnly:0 RuntimeOnly:0 HLODRelevant:1 ListedInSceneOutliner:1 IsMainWorldOnly:0
 |   |   |- [+] [ 12]
 |   |   |   |- Guid:66780C884558AE695CD6C69758E98EBE BaseClass: NativeClass:/Script/Engine.SpotLight Name:SpotLight_UAID_18C04D99E33B6EF601_1815425297 Label:SpotLight3 SpatiallyLoaded:1 Bounds:IsValid=true, Min=(X=-11470.082 Y=-10520.082 Z=-780.164), Max=(X=-10079.918 Y=-9129.918 Z=610.000) RuntimeGrid:None EditorOnly:0 RuntimeOnly:0 HLODRelevant:0 ListedInSceneOutliner:1 IsMainWorldOnly:0 Parent:7B5328AE45D2E2C48588BFAE566C0FA9
 |   |   |   |- Guid:7B5328AE45D2E2C48588BFAE566C0FA9 BaseClass: NativeClass:/Script/Engine.StaticMeshActor Name:StaticMeshActor_UAID_18C04D99E33B38F601_1127137812 Label:SM_LampPost02_2 SpatiallyLoaded:1 Bounds:IsValid=true, Min=(X=-9833.747 Y=-9428.647 Z=94.157), Max=(X=-9517.301 Y=-9384.766 Z=413.719) RuntimeGrid:None EditorOnly:0 RuntimeOnly:0 HLODRelevant:1 ListedInSceneOutliner:1 IsMainWorldOnly:0
 |   |   |- [+] [ 13]
 |   |   |   |- Guid:6ADB4C244FB625D3F59FD5956CAE3288 BaseClass:/Game/ThirdPerson/Blueprints/Coleccionable.Coleccionable_C NativeClass:/Script/Engine.Actor Name:Coleccionable_C_UAID_18C04DD2718186F601_1303240519 Label:Coleccionable SpatiallyLoaded:1 Bounds:IsValid=true, Min=(X=-11709.000 Y=-2617.000 Z=69.000), Max=(X=-11501.000 Y=-2313.000 Z=261.000) RuntimeGrid:None EditorOnly:0 RuntimeOnly:0 HLODRelevant:0 ListedInSceneOutliner:1 IsMainWorldOnly:0
 |   |   |- [+] [ 14]
 |   |   |   |- Guid:6BAF4DDD444C60371492D3919DB42C97 BaseClass: NativeClass:/Script/Engine.WorldDataLayers Name:WorldDataLayers Label:WorldDataLayers SpatiallyLoaded:0 Bounds:IsValid=true, Min=(X=0.000 Y=0.000 Z=0.000), Max=(X=0.000 Y=0.000 Z=0.000) RuntimeGrid:None EditorOnly:0 RuntimeOnly:0 HLODRelevant:0 ListedInSceneOutliner:1 IsMainWorldOnly:1
 |   |   |- [+] [ 15]
 |   |   |   |- Guid:776708594A1076828AE0088E92B1AC9D BaseClass: NativeClass:/Script/Landscape.LandscapeStreamingProxy Name:LandscapeStreamingProxy_1L41ZJYDE6JOS84BU7QD52YUE_62_0_2_0 Label:LandscapeStreamingProxy_0_2_0 SpatiallyLoaded:1 Bounds:IsValid=true, Min=(X=-12400.000 Y=-4898.000 Z=100.000), Max=(X=-8649.000 Y=-1147.000 Z=100.000) RuntimeGrid:None EditorOnly:0 RuntimeOnly:0 HLODRelevant:1 ListedInSceneOutliner:1 IsMainWorldOnly:0
 |   |   |- [+] [ 16]
 |   |   |   |- Guid:7EADE32642D1843B5D4C85A87BAB308E BaseClass:/Game/ThirdPerson/Blueprints/BP_PatoFinal.BP_PatoFinal_C NativeClass:/Script/Engine.Character Name:BP_PatoFinal_C_UAID_18C04DD2718185F601_1227534348 Label:BP_PatoFinal2 SpatiallyLoaded:1 Bounds:IsValid=true, Min=(X=-6470.000 Y=-8760.000 Z=-17.000), Max=(X=-6150.000 Y=-8440.000 Z=367.052) RuntimeGrid:None EditorOnly:0 RuntimeOnly:0 HLODRelevant:0 ListedInSceneOutliner:1 IsMainWorldOnly:0
 |   |   |- [+] [ 17]
 |   |   |   |- Guid:8176346D4159A6DBF3D7558C6FC7B4F1 BaseClass: NativeClass:/Script/Landscape.LandscapeStreamingProxy Name:LandscapeStreamingProxy_1L41ZJYDE6JOS84BU7QD52YUE_62_1_3_0 Label:LandscapeStreamingProxy_1_3_0 SpatiallyLoaded:1 Bounds:IsValid=true, Min=(X=-8649.000 Y=-1147.000 Z=100.000), Max=(X=-4898.000 Y=2604.000 Z=100.000) RuntimeGrid:None EditorOnly:0 RuntimeOnly:0 HLODRelevant:1 ListedInSceneOutliner:1 IsMainWorldOnly:0
 |   |   |- [+] [ 18]
 |   |   |   |- Guid:830924D84DD696E4EC3ED1B91D8BC3E2 BaseClass: NativeClass:/Script/Engine.PointLight Name:PointLight_UAID_18C04DD2718156F601_2141759083 Label:LuzFaro SpatiallyLoaded:1 Bounds:IsValid=true, Min=(X=287.050 Y=21714.955 Z=-823.757), Max=(X=2287.050 Y=23714.955 Z=1176.243) RuntimeGrid:None EditorOnly:0 RuntimeOnly:0 HLODRelevant:0 ListedInSceneOutliner:1 IsMainWorldOnly:0
 |   |   |- [+] [ 19]
 |   |   |   |- Guid:97E8F0B34612DAAB412C4987BBE7FED5 BaseClass: NativeClass:/Script/Landscape.LandscapeStreamingProxy Name:LandscapeStreamingProxy_1L41ZJYDE6JOS84BU7QD52YUE_62_3_0_0 Label:LandscapeStreamingProxy_3_0_0 SpatiallyLoaded:1 Bounds:IsValid=true, Min=(X=-1147.000 Y=-12400.000 Z=100.000), Max=(X=2604.000 Y=-8649.000 Z=100.000) RuntimeGrid:None EditorOnly:0 RuntimeOnly:0 HLODRelevant:1 ListedInSceneOutliner:1 IsMainWorldOnly:0
 |   |   |- [+] [ 20]
 |   |   |   |- Guid:A03D2EEF4889CB5EDE29D7A4A8ABF3C9 BaseClass: NativeClass:/Script/Landscape.Landscape Name:Landscape_UAID_18C04D99E33B05F601_1597106815 Label:Landscape SpatiallyLoaded:0 Bounds:IsValid=true, Min=(X=-12400.000 Y=-12400.000 Z=100.000), Max=(X=-12400.000 Y=-12400.000 Z=100.000) RuntimeGrid:None EditorOnly:0 RuntimeOnly:0 HLODRelevant:0 ListedInSceneOutliner:1 IsMainWorldOnly:0
 |   |   |- [+] [ 21]
 |   |   |   |- Guid:A4A0E5734872019D5C891C85F0E3C5B0 BaseClass:/Game/ThirdPerson/Blueprints/BP_PatoFinal.BP_PatoFinal_C NativeClass:/Script/Engine.Character Name:BP_PatoFinal_C_UAID_18C04DD2718185F601_1246650351 Label:BP_PatoFinal5 SpatiallyLoaded:1 Bounds:IsValid=true, Min=(X=-5905.000 Y=-4140.000 Z=-22.000), Max=(X=-5585.000 Y=-3820.000 Z=362.052) RuntimeGrid:None EditorOnly:0 RuntimeOnly:0 HLODRelevant:0 ListedInSceneOutliner:1 IsMainWorldOnly:0
 |   |   |- [+] [ 22]
 |   |   |   |- Guid:A6FE20134E3B4AC4AABC0083CEDA008A BaseClass: NativeClass:/Script/Engine.TriggerBox Name:TriggerBox_UAID_18C04DD2718157F601_1099290260 Label:HealZone SpatiallyLoaded:1 Bounds:IsValid=true, Min=(X=-11287.026 Y=-137.881 Z=78.399), Max=(X=-10967.026 Y=167.119 Z=158.399) RuntimeGrid:None EditorOnly:0 RuntimeOnly:0 HLODRelevant:0 ListedInSceneOutliner:1 IsMainWorldOnly:0
 |   |   |- [+] [ 23]
 |   |   |   |- Guid:A87DF9C043A25A3AC07FE3AEBF8C96F9 BaseClass:/Game/ThirdPerson/Blueprints/BP_PatoFinal.BP_PatoFinal_C NativeClass:/Script/Engine.Character Name:BP_PatoFinal_C_UAID_18C04DD2718185F601_1236093349 Label:BP_PatoFinal3 SpatiallyLoaded:1 Bounds:IsValid=true, Min=(X=-790.000 Y=-5510.000 Z=-17.000), Max=(X=-470.000 Y=-5190.000 Z=367.052) RuntimeGrid:None EditorOnly:0 RuntimeOnly:0 HLODRelevant:0 ListedInSceneOutliner:1 IsMainWorldOnly:0
 |   |   |- [+] [ 24]
 |   |   |   |- Guid:AAB47A7F4537235EE254899257027F1A BaseClass: NativeClass:/Script/NavigationSystem.RecastNavMesh Name:RecastNavMesh_UAID_18C04DD2718163F501-Default Label:RecastNavMesh-Default SpatiallyLoaded:0 Bounds:IsValid=true, Min=(X=0.000 Y=0.000 Z=0.000), Max=(X=0.000 Y=0.000 Z=0.000) RuntimeGrid:None EditorOnly:0 RuntimeOnly:0 HLODRelevant:0 ListedInSceneOutliner:1 IsMainWorldOnly:0
 |   |   |- [+] [ 25]
 |   |   |   |- Guid:ADBAF0EB4D77E273FE5825AF14CABD23 BaseClass:/Game/ThirdPerson/Blueprints/BP_PatoFinal.BP_PatoFinal_C NativeClass:/Script/Engine.Character Name:BP_PatoFinal_C_UAID_18C04DD2718185F601_1241638350 Label:BP_PatoFinal4 SpatiallyLoaded:1 Bounds:IsValid=true, Min=(X=-2510.000 Y=-535.000 Z=-17.000), Max=(X=-2190.000 Y=-215.000 Z=367.052) RuntimeGrid:None EditorOnly:0 RuntimeOnly:0 HLODRelevant:0 ListedInSceneOutliner:1 IsMainWorldOnly:0
 |   |   |- [+] [ 26]
 |   |   |   |- Guid:B41905464D99F153AD3EB69C728F3479 BaseClass: NativeClass:/Script/Engine.StaticMeshActor Name:StaticMeshActor_UAID_18C04D99E33B38F601_1099190811 Label:SM_LampPost02_1 SpatiallyLoaded:1 Bounds:IsValid=true, Min=(X=-7884.539 Y=-2202.001 Z=99.604), Max=(X=-7568.093 Y=-2158.120 Z=419.166) RuntimeGrid:None EditorOnly:0 RuntimeOnly:0 HLODRelevant:1 ListedInSceneOutliner:1 IsMainWorldOnly:0
 |   |   |- [+] [ 27]
 |   |   |   |- Guid:B785ED2844B84CFB91E7F39FE661CD99 BaseClass: NativeClass:/Script/Engine.DirectionalLight Name:DirectionalLight_0 Label:DirectionalLight SpatiallyLoaded:0 Bounds:Invalid RuntimeGrid:None EditorOnly:0 RuntimeOnly:0 HLODRelevant:0 ListedInSceneOutliner:1 IsMainWorldOnly:0 FolderPath:Lighting FolderGuid:963EC3EB4002CCE9759E2EBA541A873A
 |   |   |- [+] [ 28]
 |   |   |   |- Guid:BA44CED54B54218D506AF69A0757BFAB BaseClass: NativeClass:/Script/Engine.SpotLight Name:SpotLight_UAID_18C04D99E33B6EF601_1880187299 Label:SpotLight5 SpatiallyLoaded:1 Bounds:IsValid=true, Min=(X=-1810.082 Y=-1935.082 Z=-977.666), Max=(X=-419.918 Y=-544.918 Z=412.497) RuntimeGrid:None EditorOnly:0 RuntimeOnly:0 HLODRelevant:0 ListedInSceneOutliner:1 IsMainWorldOnly:0 Parent:FD7DB4794D500690DAAB2AAF9AA4DB28
 |   |   |   |- Guid:FD7DB4794D500690DAAB2AAF9AA4DB28 BaseClass: NativeClass:/Script/Engine.StaticMeshActor Name:StaticMeshActor_UAID_18C04D99E33B38F601_1138684816 Label:SM_LampPost02_6 SpatiallyLoaded:1 Bounds:IsValid=true, Min=(X=-1122.045 Y=-1251.891 Z=100.847), Max=(X=-805.599 Y=-1208.010 Z=420.409) RuntimeGrid:None EditorOnly:0 RuntimeOnly:0 HLODRelevant:1 ListedInSceneOutliner:1 IsMainWorldOnly:0
 |   |   |- [+] [ 29]
 |   |   |   |- Guid:BD16F076455C6210534D708AA057D626 BaseClass: NativeClass:/Script/Landscape.LandscapeStreamingProxy Name:LandscapeStreamingProxy_1L41ZJYDE6JOS84BU7QD52YUE_62_2_2_0 Label:LandscapeStreamingProxy_2_2_0 SpatiallyLoaded:1 Bounds:IsValid=true, Min=(X=-4898.000 Y=-4898.000 Z=100.000), Max=(X=-1147.000 Y=-1147.000 Z=100.000) RuntimeGrid:None EditorOnly:0 RuntimeOnly:0 HLODRelevant:1 ListedInSceneOutliner:1 IsMainWorldOnly:0
 |   |   |- [+] [ 30]
 |   |   |   |- Guid:BE39A6B147FCB5625D68CE9418FB5E97 BaseClass: NativeClass:/Script/Landscape.LandscapeStreamingProxy Name:LandscapeStreamingProxy_1L41ZJYDE6JOS84BU7QD52YUE_62_3_1_0 Label:LandscapeStreamingProxy_3_1_0 SpatiallyLoaded:1 Bounds:IsValid=true, Min=(X=-1147.000 Y=-8649.000 Z=100.000), Max=(X=2604.000 Y=-4898.000 Z=100.000) RuntimeGrid:None EditorOnly:0 RuntimeOnly:0 HLODRelevant:1 ListedInSceneOutliner:1 IsMainWorldOnly:0
 |   |   |- [+] [ 31]
 |   |   |   |- Guid:C36851594BA078539CA26BB94D94D068 BaseClass: NativeClass:/Script/Landscape.LandscapeStreamingProxy Name:LandscapeStreamingProxy_1L41ZJYDE6JOS84BU7QD52YUE_62_0_1_0 Label:LandscapeStreamingProxy_0_1_0 SpatiallyLoaded:1 Bounds:IsValid=true, Min=(X=-12400.000 Y=-8649.000 Z=100.000), Max=(X=-8649.000 Y=-4898.000 Z=100.000) RuntimeGrid:None EditorOnly:0 RuntimeOnly:0 HLODRelevant:1 ListedInSceneOutliner:1 IsMainWorldOnly:0
 |   |   |- [+] [ 32]
 |   |   |   |- Guid:CCFF262C46EEFFDF319E7F9539CE697E BaseClass: NativeClass:/Script/Engine.SkyAtmosphere Name:SkyAtmosphere_0 Label:SkyAtmosphere SpatiallyLoaded:0 Bounds:IsValid=true, Min=(X=0.000 Y=0.000 Z=1020.000), Max=(X=0.000 Y=0.000 Z=1020.000) RuntimeGrid:None EditorOnly:0 RuntimeOnly:0 HLODRelevant:0 ListedInSceneOutliner:1 IsMainWorldOnly:0 FolderPath:Lighting FolderGuid:963EC3EB4002CCE9759E2EBA541A873A
 |   |   |- [+] [ 33]
 |   |   |   |- Guid:D008D63B4CFB45CAF0E285AEFB59DAE6 BaseClass: NativeClass:/Script/NavigationSystem.NavMeshBoundsVolume Name:NavMeshBoundsVolume_UAID_18C04D99E33B83F601_1311498992 Label:NavMeshBoundsVolume2 SpatiallyLoaded:0 Bounds:IsValid=true, Min=(X=-15890.000 Y=-14065.000 Z=-1205.000), Max=(X=8160.000 Y=9285.000 Z=195.000) RuntimeGrid:None EditorOnly:0 RuntimeOnly:0 HLODRelevant:0 ListedInSceneOutliner:1 IsMainWorldOnly:0
 |   |   |- [+] [ 34]
 |   |   |   |- Guid:D7F3558548CB38424C3D70B0D8A17C9F BaseClass: NativeClass:/Script/Landscape.LandscapeStreamingProxy Name:LandscapeStreamingProxy_1L41ZJYDE6JOS84BU7QD52YUE_62_2_1_0 Label:LandscapeStreamingProxy_2_1_0 SpatiallyLoaded:1 Bounds:IsValid=true, Min=(X=-4898.000 Y=-8649.000 Z=100.000), Max=(X=-1147.000 Y=-4898.000 Z=100.000) RuntimeGrid:None EditorOnly:0 RuntimeOnly:0 HLODRelevant:1 ListedInSceneOutliner:1 IsMainWorldOnly:0
 |   |   |- [+] [ 35]
 |   |   |   |- Guid:E52FADDB4403622D171F3E929CFC5354 BaseClass:/Game/ThirdPerson/Blueprints/BP_PatoFinal.BP_PatoFinal_C NativeClass:/Script/Engine.Character Name:BP_PatoFinal_C_UAID_18C04D99E33B83F601_1224675991 Label:BP_PatoFinal SpatiallyLoaded:1 Bounds:IsValid=true, Min=(X=-10210.000 Y=475.000 Z=-17.000), Max=(X=-9890.000 Y=795.000 Z=367.052) RuntimeGrid:None EditorOnly:0 RuntimeOnly:0 HLODRelevant:0 ListedInSceneOutliner:1 IsMainWorldOnly:0
 |   |   |- [+] [ 36]
 |   |   |   |- Guid:E5F730A74B95740CD25438BCBCC56C2F BaseClass: NativeClass:/Script/Landscape.LandscapeStreamingProxy Name:LandscapeStreamingProxy_1L41ZJYDE6JOS84BU7QD52YUE_62_2_0_0 Label:LandscapeStreamingProxy_2_0_0 SpatiallyLoaded:1 Bounds:IsValid=true, Min=(X=-4898.000 Y=-12400.000 Z=100.000), Max=(X=-1147.000 Y=-8649.000 Z=100.000) RuntimeGrid:None EditorOnly:0 RuntimeOnly:0 HLODRelevant:1 ListedInSceneOutliner:1 IsMainWorldOnly:0
 |   |   |- [+] [ 37]
 |   |   |   |- Guid:E667A28F4DA92A5907389BB11434AEE8 BaseClass: NativeClass:/Script/Engine.TriggerBox Name:TriggerBox_UAID_18C04DD2718186F601_2092314521 Label:HealZone2 SpatiallyLoaded:1 Bounds:IsValid=true, Min=(X=-8007.026 Y=-2317.881 Z=78.399), Max=(X=-7687.026 Y=-2012.881 Z=158.399) RuntimeGrid:None EditorOnly:0 RuntimeOnly:0 HLODRelevant:0 ListedInSceneOutliner:1 IsMainWorldOnly:0
 |   |   |- [+] [ 38]
 |   |   |   |- Guid:EF907ADB4565A628D9D6CE8C5F6A4029 BaseClass: NativeClass:/Script/Landscape.LandscapeStreamingProxy Name:LandscapeStreamingProxy_1L41ZJYDE6JOS84BU7QD52YUE_62_3_3_0 Label:LandscapeStreamingProxy_3_3_0 SpatiallyLoaded:1 Bounds:IsValid=true, Min=(X=-1147.000 Y=-1147.000 Z=100.000), Max=(X=2604.000 Y=2604.000 Z=100.000) RuntimeGrid:None EditorOnly:0 RuntimeOnly:0 HLODRelevant:1 ListedInSceneOutliner:1 IsMainWorldOnly:0
 |   |   |- [+] [ 39]
 |   |   |   |- Guid:F3C5364B4924A814A7AEA68C760B2AD6 BaseClass: NativeClass:/Script/Landscape.LandscapeStreamingProxy Name:LandscapeStreamingProxy_1L41ZJYDE6JOS84BU7QD52YUE_62_2_3_0 Label:LandscapeStreamingProxy_2_3_0 SpatiallyLoaded:1 Bounds:IsValid=true, Min=(X=-4898.000 Y=-1147.000 Z=100.000), Max=(X=-1147.000 Y=2604.000 Z=100.000) RuntimeGrid:None EditorOnly:0 RuntimeOnly:0 HLODRelevant:1 ListedInSceneOutliner:1 IsMainWorldOnly:0
 |   |   |- [+] [ 40]
 |   |   |   |- Guid:F7D65089466E81B507B519A0870932D5 BaseClass: NativeClass:/Script/Landscape.LandscapeStreamingProxy Name:LandscapeStreamingProxy_1L41ZJYDE6JOS84BU7QD52YUE_62_1_2_0 Label:LandscapeStreamingProxy_1_2_0 SpatiallyLoaded:1 Bounds:IsValid=true, Min=(X=-8649.000 Y=-4898.000 Z=100.000), Max=(X=-4898.000 Y=-1147.000 Z=100.000) RuntimeGrid:None EditorOnly:0 RuntimeOnly:0 HLODRelevant:1 ListedInSceneOutliner:1 IsMainWorldOnly:0
 |- ContainerInstances:
 |- [+] MainContainer:
 |   |-        ID: 00000000000000000000000000000000
 |   |-  ParentID: 00000000000000000000000000000000
 |   |-    Bounds: IsValid=false, Min=(X=0.000 Y=0.000 Z=0.000), Max=(X=0.000 Y=0.000 Z=0.000)
 |   |- Transform: 0.000000,0.000000,0.000000|0.000000,0.000000,-0.000000|1.000000,1.000000,1.000000
 |   |- Container: /Game/ThirdPerson/Maps/ThirdPersonMap
----------------------------------------------------------------------------------------------------------------
ThirdPersonMap - Persistent Level
----------------------------------------------------------------------------------------------------------------
[+] Content of ThirdPersonMap Persistent Level
 |- Always loaded Actor Count: 47 
 |- Actor Path: /Game/ThirdPerson/Maps/ThirdPersonMap.ThirdPersonMap:PersistentLevel.BP_PatoFinal_C_UAID_18C04D99E33B83F601_1224675991
 |- Actor Package: /Game/__ExternalActors__/ThirdPerson/Maps/ThirdPersonMap/3/AI/GMEKZ17XO754OYTQHVEFL9
 |- Actor Path: /Game/ThirdPerson/Maps/ThirdPersonMap.ThirdPersonMap:PersistentLevel.BP_PatoFinal_C_UAID_18C04DD2718185F601_1227534348
 |- Actor Package: /Game/__ExternalActors__/ThirdPerson/Maps/ThirdPersonMap/C/L0/1IZAJH5D2VPFLQQ9T7KGYQ
 |- Actor Path: /Game/ThirdPerson/Maps/ThirdPersonMap.ThirdPersonMap:PersistentLevel.BP_PatoFinal_C_UAID_18C04DD2718185F601_1236093349
 |- Actor Package: /Game/__ExternalActors__/ThirdPerson/Maps/ThirdPersonMap/2/CS/GCK1I02GF4YKS5O3O1R1JD
 |- Actor Path: /Game/ThirdPerson/Maps/ThirdPersonMap.ThirdPersonMap:PersistentLevel.BP_PatoFinal_C_UAID_18C04DD2718185F601_1241638350
 |- Actor Package: /Game/__ExternalActors__/ThirdPerson/Maps/ThirdPersonMap/6/7R/822O108GCSXZ9H2ZIQYB1M
 |- Actor Path: /Game/ThirdPerson/Maps/ThirdPersonMap.ThirdPersonMap:PersistentLevel.BP_PatoFinal_C_UAID_18C04DD2718185F601_1246650351
 |- Actor Package: /Game/__ExternalActors__/ThirdPerson/Maps/ThirdPersonMap/2/HJ/23SYK1OJ3JXJBT0PRVNXOH
 |- Actor Path: /Game/ThirdPerson/Maps/ThirdPersonMap.ThirdPersonMap:PersistentLevel.Coleccionable_C_UAID_18C04DD2718186F601_1303240519
 |- Actor Package: /Game/__ExternalActors__/ThirdPerson/Maps/ThirdPersonMap/3/1C/PPEG2Y62CU0Z2P5KGY8MMX
 |- Actor Path: /Game/ThirdPerson/Maps/ThirdPersonMap.ThirdPersonMap:PersistentLevel.DirectionalLight_0
 |- Actor Package: /Game/__ExternalActors__/ThirdPerson/Maps/ThirdPersonMap/5/R1/TS5OQ5CRUWFZYL1ZQ7I416
 |- Actor Path: /Game/ThirdPerson/Maps/ThirdPersonMap.ThirdPersonMap:PersistentLevel.ExponentialHeightFog_0
 |- Actor Package: /Game/__ExternalActors__/ThirdPerson/Maps/ThirdPersonMap/6/J7/N10XDC9G27EMLS5AGZ6AVV
 |- Actor Path: /Game/ThirdPerson/Maps/ThirdPersonMap.ThirdPersonMap:PersistentLevel.Landscape_UAID_18C04D99E33B05F601_1597106815
 |- Actor Package: /Game/__ExternalActors__/ThirdPerson/Maps/ThirdPersonMap/A/59/VX510FRAY8RMM6VC8EU060
 |- Actor Path: /Game/ThirdPerson/Maps/ThirdPersonMap.ThirdPersonMap:PersistentLevel.LandscapeStreamingProxy_1L41ZJYDE6JOS84BU7QD52YUE_62_0_0_0
 |- Actor Package: /Game/__ExternalActors__/ThirdPerson/Maps/ThirdPersonMap/B/IM/TJPQ9GFCFXH8NA15F7WCT3
 |- Actor Path: /Game/ThirdPerson/Maps/ThirdPersonMap.ThirdPersonMap:PersistentLevel.LandscapeStreamingProxy_1L41ZJYDE6JOS84BU7QD52YUE_62_0_1_0
 |- Actor Package: /Game/__ExternalActors__/ThirdPerson/Maps/ThirdPersonMap/2/S4/VSUBRY86NOO5T3SFCFSMXN
 |- Actor Path: /Game/ThirdPerson/Maps/ThirdPersonMap.ThirdPersonMap:PersistentLevel.LandscapeStreamingProxy_1L41ZJYDE6JOS84BU7QD52YUE_62_0_2_0
 |- Actor Package: /Game/__ExternalActors__/ThirdPerson/Maps/ThirdPersonMap/9/G2/XSQCEV8JNT5KSN1FC0D13D
 |- Actor Path: /Game/ThirdPerson/Maps/ThirdPersonMap.ThirdPersonMap:PersistentLevel.LandscapeStreamingProxy_1L41ZJYDE6JOS84BU7QD52YUE_62_0_3_0
 |- Actor Package: /Game/__ExternalActors__/ThirdPerson/Maps/ThirdPersonMap/C/7U/Q66CM34XBXTHYN5GWGKX2P
 |- Actor Path: /Game/ThirdPerson/Maps/ThirdPersonMap.ThirdPersonMap:PersistentLevel.LandscapeStreamingProxy_1L41ZJYDE6JOS84BU7QD52YUE_62_1_0_0
 |- Actor Package: /Game/__ExternalActors__/ThirdPerson/Maps/ThirdPersonMap/B/T9/GZ5G0VGBO9CHOQZD8IK5FL
 |- Actor Path: /Game/ThirdPerson/Maps/ThirdPersonMap.ThirdPersonMap:PersistentLevel.LandscapeStreamingProxy_1L41ZJYDE6JOS84BU7QD52YUE_62_1_1_0
 |- Actor Package: /Game/__ExternalActors__/ThirdPerson/Maps/ThirdPersonMap/E/JT/E4POTBB0NE7CKRYY8PDJC5
 |- Actor Path: /Game/ThirdPerson/Maps/ThirdPersonMap.ThirdPersonMap:PersistentLevel.LandscapeStreamingProxy_1L41ZJYDE6JOS84BU7QD52YUE_62_1_2_0
 |- Actor Package: /Game/__ExternalActors__/ThirdPerson/Maps/ThirdPersonMap/2/E5/0LJAGWRCV3T8KN5GLI5AI1
 |- Actor Path: /Game/ThirdPerson/Maps/ThirdPersonMap.ThirdPersonMap:PersistentLevel.LandscapeStreamingProxy_1L41ZJYDE6JOS84BU7QD52YUE_62_1_3_0
 |- Actor Package: /Game/__ExternalActors__/ThirdPerson/Maps/ThirdPersonMap/B/DZ/3DPI6K45P3TFWFZ2UKZBME
 |- Actor Path: /Game/ThirdPerson/Maps/ThirdPersonMap.ThirdPersonMap:PersistentLevel.LandscapeStreamingProxy_1L41ZJYDE6JOS84BU7QD52YUE_62_2_0_0
 |- Actor Package: /Game/__ExternalActors__/ThirdPerson/Maps/ThirdPersonMap/7/IB/GZVCETKOMPLU0LKI2G6S5P
 |- Actor Path: /Game/ThirdPerson/Maps/ThirdPersonMap.ThirdPersonMap:PersistentLevel.LandscapeStreamingProxy_1L41ZJYDE6JOS84BU7QD52YUE_62_2_1_0
 |- Actor Package: /Game/__ExternalActors__/ThirdPerson/Maps/ThirdPersonMap/7/N3/UXNA9LD4S50R342VYVZFH5
 |- Actor Path: /Game/ThirdPerson/Maps/ThirdPersonMap.ThirdPersonMap:PersistentLevel.LandscapeStreamingProxy_1L41ZJYDE6JOS84BU7QD52YUE_62_2_2_0
 |- Actor Package: /Game/__ExternalActors__/ThirdPerson/Maps/ThirdPersonMap/0/E6/5PO1JVT95IXSP7VU2C4VHF
 |- Actor Path: /Game/ThirdPerson/Maps/ThirdPersonMap.ThirdPersonMap:PersistentLevel.LandscapeStreamingProxy_1L41ZJYDE6JOS84BU7QD52YUE_62_2_3_0
 |- Actor Package: /Game/__ExternalActors__/ThirdPerson/Maps/ThirdPersonMap/C/DA/1LEKFTVLY2ILZ5XDIOO2YB
 |- Actor Path: /Game/ThirdPerson/Maps/ThirdPersonMap.ThirdPersonMap:PersistentLevel.LandscapeStreamingProxy_1L41ZJYDE6JOS84BU7QD52YUE_62_3_0_0
 |- Actor Package: /Game/__ExternalActors__/ThirdPerson/Maps/ThirdPersonMap/9/RN/NMQ5SQWDK7AB36FK9ERJP3
 |- Actor Path: /Game/ThirdPerson/Maps/ThirdPersonMap.ThirdPersonMap:PersistentLevel.LandscapeStreamingProxy_1L41ZJYDE6JOS84BU7QD52YUE_62_3_1_0
 |- Actor Package: /Game/__ExternalActors__/ThirdPerson/Maps/ThirdPersonMap/E/39/HAKPIMHG13IBB8HPQ29J8R
 |- Actor Path: /Game/ThirdPerson/Maps/ThirdPersonMap.ThirdPersonMap:PersistentLevel.LandscapeStreamingProxy_1L41ZJYDE6JOS84BU7QD52YUE_62_3_2_0
 |- Actor Package: /Game/__ExternalActors__/ThirdPerson/Maps/ThirdPersonMap/E/AP/CE3XHP4BTK5287KJB6UKA6
 |- Actor Path: /Game/ThirdPerson/Maps/ThirdPersonMap.ThirdPersonMap:PersistentLevel.LandscapeStreamingProxy_1L41ZJYDE6JOS84BU7QD52YUE_62_3_3_0
 |- Actor Package: /Game/__ExternalActors__/ThirdPerson/Maps/ThirdPersonMap/7/HG/GAO1MUU65MYEZX1O25JEP7
 |- Actor Path: /Game/ThirdPerson/Maps/ThirdPersonMap.ThirdPersonMap:PersistentLevel.NavMeshBoundsVolume_UAID_18C04D99E33B83F601_1311498992
 |- Actor Package: /Game/__ExternalActors__/ThirdPerson/Maps/ThirdPersonMap/A/TE/ELYDE772T4VJFS5MUGXA7R
 |- Actor Path: /Game/ThirdPerson/Maps/ThirdPersonMap.ThirdPersonMap:PersistentLevel.PlayerStart_0
 |- Actor Package: /Game/__ExternalActors__/ThirdPerson/Maps/ThirdPersonMap/D/DE/SWSI13675DVYIZ0N4NF7Y3
 |- Actor Path: /Game/ThirdPerson/Maps/ThirdPersonMap.ThirdPersonMap:PersistentLevel.PointLight_UAID_18C04DD2718156F601_2141759083
 |- Actor Package: /Game/__ExternalActors__/ThirdPerson/Maps/ThirdPersonMap/3/V9/EISICMRY7ZOC7N978F20ED
 |- Actor Path: /Game/ThirdPerson/Maps/ThirdPersonMap.ThirdPersonMap:PersistentLevel.RecastNavMesh_UAID_18C04DD2718163F501-Default
 |- Actor Package: /Game/__ExternalActors__/ThirdPerson/Maps/ThirdPersonMap/9/4V/TX2YB3VQ0D656JXWNTGEAP
 |- Actor Path: /Game/ThirdPerson/Maps/ThirdPersonMap.ThirdPersonMap:PersistentLevel.SkyAtmosphere_0
 |- Actor Package: /Game/__ExternalActors__/ThirdPerson/Maps/ThirdPersonMap/4/LN/30UBDLYFFA5ZR7U4W4L4GG
 |- Actor Path: /Game/ThirdPerson/Maps/ThirdPersonMap.ThirdPersonMap:PersistentLevel.SkyLight_1
 |- Actor Package: /Game/__ExternalActors__/ThirdPerson/Maps/ThirdPersonMap/8/S1/DXUWD12MD3HRWVVXX076BY
 |- Actor Path: /Game/ThirdPerson/Maps/ThirdPersonMap.ThirdPersonMap:PersistentLevel.SpotLight_UAID_18C04D99E33B6EF601_1718304295
 |- Actor Package: /Game/__ExternalActors__/ThirdPerson/Maps/ThirdPersonMap/C/VW/7IF94AA7YDB4I95M2PA2MW
 |- Actor Path: /Game/ThirdPerson/Maps/ThirdPersonMap.ThirdPersonMap:PersistentLevel.SpotLight_UAID_18C04D99E33B6EF601_1815425297
 |- Actor Package: /Game/__ExternalActors__/ThirdPerson/Maps/ThirdPersonMap/1/HG/DNVO2C50NAIFCLOTYUFINN
 |- Actor Path: /Game/ThirdPerson/Maps/ThirdPersonMap.ThirdPersonMap:PersistentLevel.SpotLight_UAID_18C04D99E33B6EF601_1849869298
 |- Actor Package: /Game/__ExternalActors__/ThirdPerson/Maps/ThirdPersonMap/6/SH/EGUXTFRN1E98AK511L3OYI
 |- Actor Path: /Game/ThirdPerson/Maps/ThirdPersonMap.ThirdPersonMap:PersistentLevel.SpotLight_UAID_18C04D99E33B6EF601_1880187299
 |- Actor Package: /Game/__ExternalActors__/ThirdPerson/Maps/ThirdPersonMap/E/I7/QV0KAJTQFJIV8MXGCYNV81
 |- Actor Path: /Game/ThirdPerson/Maps/ThirdPersonMap.ThirdPersonMap:PersistentLevel.SpotLight_UAID_18C04D99E33B6EF601_1902295300
 |- Actor Package: /Game/__ExternalActors__/ThirdPerson/Maps/ThirdPersonMap/4/U1/1ARAOCTCYNAFXDL09IH3ZZ
 |- Actor Path: /Game/ThirdPerson/Maps/ThirdPersonMap.ThirdPersonMap:PersistentLevel.SpotLight_UAID_18C04DD2718186F601_2092332523
 |- Actor Package: /Game/__ExternalActors__/ThirdPerson/Maps/ThirdPersonMap/3/5D/E80Y1KVGUMIRAHKPKHBPOK
 |- Actor Path: /Game/ThirdPerson/Maps/ThirdPersonMap.ThirdPersonMap:PersistentLevel.StaticMeshActor_UAID_18C04D99E33B38F601_1099190811
 |- Actor Package: /Game/__ExternalActors__/ThirdPerson/Maps/ThirdPersonMap/9/6I/ALUQY9VGT9ZJXT8FGD2BES
 |- Actor Path: /Game/ThirdPerson/Maps/ThirdPersonMap.ThirdPersonMap:PersistentLevel.StaticMeshActor_UAID_18C04D99E33B38F601_1127137812
 |- Actor Package: /Game/__ExternalActors__/ThirdPerson/Maps/ThirdPersonMap/1/KV/N9LY6OJE88ZRH0SA604T6K
 |- Actor Path: /Game/ThirdPerson/Maps/ThirdPersonMap.ThirdPersonMap:PersistentLevel.StaticMeshActor_UAID_18C04D99E33B38F601_1131636813
 |- Actor Package: /Game/__ExternalActors__/ThirdPerson/Maps/ThirdPersonMap/8/I9/LGFUA92FC3N9W6ND6J6YTR
 |- Actor Path: /Game/ThirdPerson/Maps/ThirdPersonMap.ThirdPersonMap:PersistentLevel.StaticMeshActor_UAID_18C04D99E33B38F601_1133660814
 |- Actor Package: /Game/__ExternalActors__/ThirdPerson/Maps/ThirdPersonMap/3/PF/8LLN7JRH4DFI189CTDTKDT
 |- Actor Path: /Game/ThirdPerson/Maps/ThirdPersonMap.ThirdPersonMap:PersistentLevel.StaticMeshActor_UAID_18C04D99E33B38F601_1135936815
 |- Actor Package: /Game/__ExternalActors__/ThirdPerson/Maps/ThirdPersonMap/3/SO/WUN4X17XF1KDNGCQ6A7CBC
 |- Actor Path: /Game/ThirdPerson/Maps/ThirdPersonMap.ThirdPersonMap:PersistentLevel.StaticMeshActor_UAID_18C04D99E33B38F601_1138684816
 |- Actor Package: /Game/__ExternalActors__/ThirdPerson/Maps/ThirdPersonMap/1/CV/O1HBMQP1K9BDGVNGWZECPB
 |- Actor Path: /Game/ThirdPerson/Maps/ThirdPersonMap.ThirdPersonMap:PersistentLevel.TriggerBox_UAID_18C04DD2718157F601_1099290260
 |- Actor Package: /Game/__ExternalActors__/ThirdPerson/Maps/ThirdPersonMap/C/TL/R39EZ6OCWM2JQHFV6NHH8T
 |- Actor Path: /Game/ThirdPerson/Maps/ThirdPersonMap.ThirdPersonMap:PersistentLevel.TriggerBox_UAID_18C04DD2718186F601_2092314521
 |- Actor Package: /Game/__ExternalActors__/ThirdPerson/Maps/ThirdPersonMap/6/7C/SLB2YIBHWF0KIWHVXN2OB4
 |- Actor Path: /Game/ThirdPerson/Maps/ThirdPersonMap.ThirdPersonMap:PersistentLevel.VolumetricCloud_0
 |- Actor Package: /Game/__ExternalActors__/ThirdPerson/Maps/ThirdPersonMap/3/EY/87SHEJN5UBEAN2K5OV1G6R
 |- Actor Path: /Game/ThirdPerson/Maps/ThirdPersonMap.ThirdPersonMap:PersistentLevel.WorldDataLayers
 |- Actor Package: /Game/__ExternalActors__/ThirdPerson/Maps/ThirdPersonMap/0/43/HYQWORMY4JDQ5X3OKZXFLC

----------------------------------------------------------------------------------------------------------------
ThirdPersonMap - Runtime Hash Set
----------------------------------------------------------------------------------------------------------------

